<?xml version="1.0" encoding="UTF-8"?>
<!-- Generated by org.testng.reporters.JUnitXMLReporter -->
<testsuite ignored="0" hostname="Supriya" failures="1" tests="16" name="MultipleTest" time="114.791" errors="0" timestamp="2025-06-25T18:43:45 IST">
  <testcase classname="automationFramework.tests.ServicesTestNG" name="@BeforeClass setUp" time="31.806">
    <failure type="java.lang.RuntimeException" message="Login failed. Cannot continue tests.">
      <![CDATA[java.lang.RuntimeException: Login failed. Cannot continue tests.
at automationFramework.tests.ServicesTestNG.setUp(ServicesTestNG.java:55)
at java.base/java.util.ArrayList.forEach(ArrayList.java:1511)
at automationFramework.runner.TestNGRunner.main(TestNGRunner.java:37)
... Removed 22 stack frames]]>
    </failure>
  </testcase> <!-- @BeforeClass setUp -->
  <testcase classname="automationFramework.tests.ServicesTestNG" name="@AfterMethod handleTestResult" time="0.0">
    <skipped/>
  </testcase> <!-- @AfterMethod handleTestResult -->
  <testcase classname="automationFramework.tests.ServicesTestNG" name="@AfterMethod handleTestResult" time="0.0">
    <skipped/>
  </testcase> <!-- @AfterMethod handleTestResult -->
  <testcase classname="automationFramework.tests.ServicesTestNG" name="@AfterMethod handleTestResult" time="0.0">
    <skipped/>
  </testcase> <!-- @AfterMethod handleTestResult -->
  <testcase classname="automationFramework.tests.ServicesTestNG" name="@AfterMethod handleTestResult" time="0.0">
    <skipped/>
  </testcase> <!-- @AfterMethod handleTestResult -->
  <testcase classname="automationFramework.tests.ServicesTestNG" name="@AfterClass tearDown" time="0.0">
    <skipped/>
  </testcase> <!-- @AfterClass tearDown -->
  <testcase classname="automationFramework.tests.AccountsTestNG" name="@BeforeClass setUp" time="36.065">
    <failure type="java.lang.AssertionError" message="Login failed. Stopping execution.">
      <![CDATA[java.lang.AssertionError: Login failed. Stopping execution.
at automationFramework.tests.AccountsTestNG.setUp(AccountsTestNG.java:53)
at java.base/java.util.ArrayList.forEach(ArrayList.java:1511)
at automationFramework.runner.TestNGRunner.main(TestNGRunner.java:37)
... Removed 23 stack frames]]>
    </failure>
  </testcase> <!-- @BeforeClass setUp -->
  <testcase classname="automationFramework.tests.AccountsTestNG" name="@AfterMethod logResult" time="0.0">
    <skipped/>
  </testcase> <!-- @AfterMethod logResult -->
  <testcase classname="automationFramework.tests.AccountsTestNG" name="@AfterMethod logResult" time="0.0">
    <skipped/>
  </testcase> <!-- @AfterMethod logResult -->
  <testcase classname="automationFramework.tests.AccountsTestNG" name="@AfterMethod logResult" time="0.0">
    <skipped/>
  </testcase> <!-- @AfterMethod logResult -->
  <testcase classname="automationFramework.tests.AccountsTestNG" name="@AfterMethod logResult" time="0.0">
    <skipped/>
  </testcase> <!-- @AfterMethod logResult -->
  <testcase classname="automationFramework.tests.AccountsTestNG" name="@AfterMethod logResult" time="0.0">
    <skipped/>
  </testcase> <!-- @AfterMethod logResult -->
  <testcase classname="automationFramework.tests.AccountsTestNG" name="@AfterMethod logResult" time="0.0">
    <skipped/>
  </testcase> <!-- @AfterMethod logResult -->
  <testcase classname="automationFramework.tests.AccountsTestNG" name="@AfterMethod logResult" time="0.0">
    <skipped/>
  </testcase> <!-- @AfterMethod logResult -->
  <testcase classname="automationFramework.tests.AccountsTestNG" name="@AfterMethod logResult" time="0.0">
    <skipped/>
  </testcase> <!-- @AfterMethod logResult -->
  <testcase classname="automationFramework.tests.AccountsTestNG" name="@AfterMethod logResult" time="0.0">
    <skipped/>
  </testcase> <!-- @AfterMethod logResult -->
  <testcase classname="automationFramework.tests.AccountsTestNG" name="@AfterClass tearDown" time="0.0">
    <skipped/>
  </testcase> <!-- @AfterClass tearDown -->
  <testcase classname="automationFramework.tests.PaymentTestNG" name="loginBeforePayment" time="28.166">
    <failure type="java.lang.AssertionError" message="Login unsuccessful.">
      <![CDATA[java.lang.AssertionError: Login unsuccessful.
at automationFramework.tests.PaymentTestNG.loginBeforePayment(PaymentTestNG.java:49)
at java.base/java.util.ArrayList.forEach(ArrayList.java:1511)
at automationFramework.runner.TestNGRunner.main(TestNGRunner.java:37)
... Removed 25 stack frames]]>
    </failure>
  </testcase> <!-- loginBeforePayment -->
  <testcase classname="automationFramework.tests.PaymentTestNG" name="testPayment" time="0.0">
    <skipped/>
  </testcase> <!-- testPayment -->
  <testcase classname="automationFramework.tests.PaymentTestNG" name="testInvalidAmountScenarios" time="0.0">
    <skipped/>
  </testcase> <!-- testInvalidAmountScenarios -->
  <testcase classname="automationFramework.tests.ServicesTestNG" name="testManageSMSFlow" time="0.0">
    <skipped/>
  </testcase> <!-- testManageSMSFlow -->
  <testcase classname="automationFramework.tests.ServicesTestNG" name="testEmptyThresholds" time="0.0">
    <skipped/>
  </testcase> <!-- testEmptyThresholds -->
  <testcase classname="automationFramework.tests.ServicesTestNG" name="testNegativeThresholds" time="0.0">
    <skipped/>
  </testcase> <!-- testNegativeThresholds -->
  <testcase classname="automationFramework.tests.ServicesTestNG" name="testInvalidOTP" time="0.0">
    <skipped/>
  </testcase> <!-- testInvalidOTP -->
  <testcase classname="automationFramework.tests.AccountsTestNG" name="testAccountSummary" time="0.001">
    <skipped/>
  </testcase> <!-- testAccountSummary -->
  <testcase classname="automationFramework.tests.AccountsTestNG" name="downloadOneMonthStatementPdf" time="0.0">
    <skipped/>
  </testcase> <!-- downloadOneMonthStatementPdf -->
  <testcase classname="automationFramework.tests.AccountsTestNG" name="downloadThreeMonthStatementPdf" time="0.0">
    <skipped/>
  </testcase> <!-- downloadThreeMonthStatementPdf -->
  <testcase classname="automationFramework.tests.AccountsTestNG" name="downloadOneMonthStatementXls" time="0.0">
    <skipped/>
  </testcase> <!-- downloadOneMonthStatementXls -->
  <testcase classname="automationFramework.tests.AccountsTestNG" name="downloadThreeMonthStatementXls" time="0.0">
    <skipped/>
  </testcase> <!-- downloadThreeMonthStatementXls -->
  <testcase classname="automationFramework.tests.AccountsTestNG" name="downloadCustom6MonthsXsl" time="0.0">
    <skipped/>
  </testcase> <!-- downloadCustom6MonthsXsl -->
  <testcase classname="automationFramework.tests.AccountsTestNG" name="downloadCustom12MonthsPdf" time="0.0">
    <skipped/>
  </testcase> <!-- downloadCustom12MonthsPdf -->
  <testcase classname="automationFramework.tests.AccountsTestNG" name="downloadCustom6MonthsPdf" time="0.0">
    <skipped/>
  </testcase> <!-- downloadCustom6MonthsPdf -->
  <testcase classname="automationFramework.tests.AccountsTestNG" name="downloadCustom12MonthsXsl" time="0.0">
    <skipped/>
  </testcase> <!-- downloadCustom12MonthsXsl -->
</testsuite> <!-- MultipleTest -->
