<html>
<head>
<title>TestNG:  MultipleTest</title>
<link href="../testng.css" rel="stylesheet" type="text/css" />
<link href="../my-testng.css" rel="stylesheet" type="text/css" />

<style type="text/css">
.log { display: none;} 
.stack-trace { display: none;} 
</style>
<script type="text/javascript">
<!--
function flip(e) {
  current = e.style.display;
  if (current == 'block') {
    e.style.display = 'none';
    return 0;
  }
  else {
    e.style.display = 'block';
    return 1;
  }
}

function toggleBox(szDivId, elem, msg1, msg2)
{
  var res = -1;  if (document.getElementById) {
    res = flip(document.getElementById(szDivId));
  }
  else if (document.all) {
    // this is the way old msie versions work
    res = flip(document.all[szDivId]);
  }
  if(elem) {
    if(res == 0) elem.innerHTML = msg1; else elem.innerHTML = msg2;
  }

}

function toggleAllBoxes() {
  if (document.getElementsByTagName) {
    d = document.getElementsByTagName('div');
    for (i = 0; i < d.length; i++) {
      if (d[i].className == 'log') {
        flip(d[i]);
      }
    }
  }
}

// -->
</script>

</head>
<body>
<h2 align='center'>MultipleTest</h2><table border='1' align="center">
<tr>
<td>Tests passed/Failed/Skipped:</td><td>0/1/15</td>
</tr><tr>
<td>Started on:</td><td>Wed Jun 25 18:41:50 IST 2025</td>
</tr>
<tr><td>Total time:</td><td>114 seconds (114791 ms)</td>
</tr><tr>
<td>Included groups:</td><td></td>
</tr><tr>
<td>Excluded groups:</td><td></td>
</tr>
</table><p/>
<small><i>(Hover the method name to see the test class name)</i></small><p/>
<table width='100%' border='1' class='invocation-failed'>
<tr><td colspan='4' align='center'><b>FAILED CONFIGURATIONS</b></td></tr>
<tr><td><b>Test method</b></td>
<td><b>Attribute(s)</b></td>
<td width="30%"><b>Exception</b></td>
<td width="10%"><b>Time (seconds)</b></td>
<td><b>Instance</b></td>
</tr>
<tr>
<td title='automationFramework.tests.AccountsTestNG.setUp()'><b>setUp</b><br>Test class: automationFramework.tests.AccountsTestNG</td>
<td><div><pre>java.lang.AssertionError: Login failed. Stopping execution.
	at automationFramework.tests.AccountsTestNG.setUp(AccountsTestNG.java:53)
	at java.base/java.util.ArrayList.forEach(ArrayList.java:1511)
	at automationFramework.runner.TestNGRunner.main(TestNGRunner.java:37)
... Removed 23 stack frames</pre></div><a href='#' onClick='toggleBox("stack-trace951629504", this, "Click to show all stack frames", "Click to hide stack frames")'>Click to show all stack frames</a>
<div class='stack-trace' id='stack-trace951629504'><pre>java.lang.AssertionError: Login failed. Stopping execution.
	at org.testng.Assert.fail(Assert.java:111)
	at automationFramework.tests.AccountsTestNG.setUp(AccountsTestNG.java:53)
	at java.base/jdk.internal.reflect.NativeMethodAccessorImpl.invoke0(Native Method)
	at java.base/jdk.internal.reflect.NativeMethodAccessorImpl.invoke(NativeMethodAccessorImpl.java:77)
	at java.base/jdk.internal.reflect.DelegatingMethodAccessorImpl.invoke(DelegatingMethodAccessorImpl.java:43)
	at java.base/java.lang.reflect.Method.invoke(Method.java:568)
	at org.testng.internal.invokers.MethodInvocationHelper.invokeMethod(MethodInvocationHelper.java:141)
	at org.testng.internal.invokers.MethodInvocationHelper.invokeMethodConsideringTimeout(MethodInvocationHelper.java:71)
	at org.testng.internal.invokers.ConfigInvoker.invokeConfigurationMethod(ConfigInvoker.java:400)
	at org.testng.internal.invokers.ConfigInvoker.invokeConfigurations(ConfigInvoker.java:333)
	at org.testng.internal.invokers.TestMethodWorker.invokeBeforeClassMethods(TestMethodWorker.java:188)
	at org.testng.internal.invokers.TestMethodWorker.run(TestMethodWorker.java:128)
	at java.base/java.util.ArrayList.forEach(ArrayList.java:1511)
	at org.testng.TestRunner.privateRun(TestRunner.java:741)
	at org.testng.TestRunner.run(TestRunner.java:616)
	at org.testng.SuiteRunner.runTest(SuiteRunner.java:421)
	at org.testng.SuiteRunner.runSequentially(SuiteRunner.java:413)
	at org.testng.SuiteRunner.privateRun(SuiteRunner.java:373)
	at org.testng.SuiteRunner.run(SuiteRunner.java:312)
	at org.testng.SuiteRunnerWorker.runSuite(SuiteRunnerWorker.java:52)
	at org.testng.SuiteRunnerWorker.run(SuiteRunnerWorker.java:95)
	at org.testng.TestNG.runSuitesSequentially(TestNG.java:1274)
	at org.testng.TestNG.runSuitesLocally(TestNG.java:1208)
	at org.testng.TestNG.runSuites(TestNG.java:1112)
	at org.testng.TestNG.run(TestNG.java:1079)
	at automationFramework.runner.TestNGRunner.main(TestNGRunner.java:37)
</pre></div></td>
<td>36</td>
<td>automationFramework.tests.AccountsTestNG@4cc8eb05</td></tr>
<tr>
<td title='automationFramework.tests.ServicesTestNG.setUp()'><b>setUp</b><br>Test class: automationFramework.tests.ServicesTestNG</td>
<td><div><pre>java.lang.RuntimeException: Login failed. Cannot continue tests.
	at automationFramework.tests.ServicesTestNG.setUp(ServicesTestNG.java:55)
	at java.base/java.util.ArrayList.forEach(ArrayList.java:1511)
	at automationFramework.runner.TestNGRunner.main(TestNGRunner.java:37)
... Removed 22 stack frames</pre></div><a href='#' onClick='toggleBox("stack-trace342740966", this, "Click to show all stack frames", "Click to hide stack frames")'>Click to show all stack frames</a>
<div class='stack-trace' id='stack-trace342740966'><pre>java.lang.RuntimeException: Login failed. Cannot continue tests.
	at automationFramework.tests.ServicesTestNG.setUp(ServicesTestNG.java:55)
	at java.base/jdk.internal.reflect.NativeMethodAccessorImpl.invoke0(Native Method)
	at java.base/jdk.internal.reflect.NativeMethodAccessorImpl.invoke(NativeMethodAccessorImpl.java:77)
	at java.base/jdk.internal.reflect.DelegatingMethodAccessorImpl.invoke(DelegatingMethodAccessorImpl.java:43)
	at java.base/java.lang.reflect.Method.invoke(Method.java:568)
	at org.testng.internal.invokers.MethodInvocationHelper.invokeMethod(MethodInvocationHelper.java:141)
	at org.testng.internal.invokers.MethodInvocationHelper.invokeMethodConsideringTimeout(MethodInvocationHelper.java:71)
	at org.testng.internal.invokers.ConfigInvoker.invokeConfigurationMethod(ConfigInvoker.java:400)
	at org.testng.internal.invokers.ConfigInvoker.invokeConfigurations(ConfigInvoker.java:333)
	at org.testng.internal.invokers.TestMethodWorker.invokeBeforeClassMethods(TestMethodWorker.java:188)
	at org.testng.internal.invokers.TestMethodWorker.run(TestMethodWorker.java:128)
	at java.base/java.util.ArrayList.forEach(ArrayList.java:1511)
	at org.testng.TestRunner.privateRun(TestRunner.java:741)
	at org.testng.TestRunner.run(TestRunner.java:616)
	at org.testng.SuiteRunner.runTest(SuiteRunner.java:421)
	at org.testng.SuiteRunner.runSequentially(SuiteRunner.java:413)
	at org.testng.SuiteRunner.privateRun(SuiteRunner.java:373)
	at org.testng.SuiteRunner.run(SuiteRunner.java:312)
	at org.testng.SuiteRunnerWorker.runSuite(SuiteRunnerWorker.java:52)
	at org.testng.SuiteRunnerWorker.run(SuiteRunnerWorker.java:95)
	at org.testng.TestNG.runSuitesSequentially(TestNG.java:1274)
	at org.testng.TestNG.runSuitesLocally(TestNG.java:1208)
	at org.testng.TestNG.runSuites(TestNG.java:1112)
	at org.testng.TestNG.run(TestNG.java:1079)
	at automationFramework.runner.TestNGRunner.main(TestNGRunner.java:37)
</pre></div></td>
<td>31</td>
<td>automationFramework.tests.ServicesTestNG@770d3326</td></tr>
</table><p>
<table width='100%' border='1' class='invocation-skipped'>
<tr><td colspan='4' align='center'><b>SKIPPED CONFIGURATIONS</b></td></tr>
<tr><td><b>Test method</b></td>
<td><b>Attribute(s)</b></td>
<td width="30%"><b>Exception</b></td>
<td width="10%"><b>Time (seconds)</b></td>
<td><b>Instance</b></td>
</tr>
<tr>
<td title='automationFramework.tests.AccountsTestNG.logResult()'><b>logResult</b><br>Test class: automationFramework.tests.AccountsTestNG</td>
<td></td>
<td>0</td>
<td>automationFramework.tests.AccountsTestNG@4cc8eb05</td></tr>
<tr>
<td title='automationFramework.tests.AccountsTestNG.logResult()'><b>logResult</b><br>Test class: automationFramework.tests.AccountsTestNG</td>
<td></td>
<td>0</td>
<td>automationFramework.tests.AccountsTestNG@4cc8eb05</td></tr>
<tr>
<td title='automationFramework.tests.AccountsTestNG.logResult()'><b>logResult</b><br>Test class: automationFramework.tests.AccountsTestNG</td>
<td></td>
<td>0</td>
<td>automationFramework.tests.AccountsTestNG@4cc8eb05</td></tr>
<tr>
<td title='automationFramework.tests.ServicesTestNG.tearDown()'><b>tearDown</b><br>Test class: automationFramework.tests.ServicesTestNG</td>
<td></td>
<td>0</td>
<td>automationFramework.tests.ServicesTestNG@770d3326</td></tr>
<tr>
<td title='automationFramework.tests.AccountsTestNG.logResult()'><b>logResult</b><br>Test class: automationFramework.tests.AccountsTestNG</td>
<td></td>
<td>0</td>
<td>automationFramework.tests.AccountsTestNG@4cc8eb05</td></tr>
<tr>
<td title='automationFramework.tests.ServicesTestNG.handleTestResult()'><b>handleTestResult</b><br>Test class: automationFramework.tests.ServicesTestNG</td>
<td></td>
<td>0</td>
<td>automationFramework.tests.ServicesTestNG@770d3326</td></tr>
<tr>
<td title='automationFramework.tests.ServicesTestNG.handleTestResult()'><b>handleTestResult</b><br>Test class: automationFramework.tests.ServicesTestNG</td>
<td></td>
<td>0</td>
<td>automationFramework.tests.ServicesTestNG@770d3326</td></tr>
<tr>
<td title='automationFramework.tests.AccountsTestNG.tearDown()'><b>tearDown</b><br>Test class: automationFramework.tests.AccountsTestNG</td>
<td></td>
<td>0</td>
<td>automationFramework.tests.AccountsTestNG@4cc8eb05</td></tr>
<tr>
<td title='automationFramework.tests.AccountsTestNG.logResult()'><b>logResult</b><br>Test class: automationFramework.tests.AccountsTestNG</td>
<td></td>
<td>0</td>
<td>automationFramework.tests.AccountsTestNG@4cc8eb05</td></tr>
<tr>
<td title='automationFramework.tests.AccountsTestNG.logResult()'><b>logResult</b><br>Test class: automationFramework.tests.AccountsTestNG</td>
<td></td>
<td>0</td>
<td>automationFramework.tests.AccountsTestNG@4cc8eb05</td></tr>
<tr>
<td title='automationFramework.tests.AccountsTestNG.logResult()'><b>logResult</b><br>Test class: automationFramework.tests.AccountsTestNG</td>
<td></td>
<td>0</td>
<td>automationFramework.tests.AccountsTestNG@4cc8eb05</td></tr>
<tr>
<td title='automationFramework.tests.ServicesTestNG.handleTestResult()'><b>handleTestResult</b><br>Test class: automationFramework.tests.ServicesTestNG</td>
<td></td>
<td>0</td>
<td>automationFramework.tests.ServicesTestNG@770d3326</td></tr>
<tr>
<td title='automationFramework.tests.ServicesTestNG.handleTestResult()'><b>handleTestResult</b><br>Test class: automationFramework.tests.ServicesTestNG</td>
<td></td>
<td>0</td>
<td>automationFramework.tests.ServicesTestNG@770d3326</td></tr>
<tr>
<td title='automationFramework.tests.AccountsTestNG.logResult()'><b>logResult</b><br>Test class: automationFramework.tests.AccountsTestNG</td>
<td></td>
<td>0</td>
<td>automationFramework.tests.AccountsTestNG@4cc8eb05</td></tr>
<tr>
<td title='automationFramework.tests.AccountsTestNG.logResult()'><b>logResult</b><br>Test class: automationFramework.tests.AccountsTestNG</td>
<td></td>
<td>0</td>
<td>automationFramework.tests.AccountsTestNG@4cc8eb05</td></tr>
</table><p>
<table width='100%' border='1' class='invocation-failed'>
<tr><td colspan='4' align='center'><b>FAILED TESTS</b></td></tr>
<tr><td><b>Test method</b></td>
<td><b>Attribute(s)</b></td>
<td width="30%"><b>Exception</b></td>
<td width="10%"><b>Time (seconds)</b></td>
<td><b>Instance</b></td>
</tr>
<tr>
<td title='automationFramework.tests.PaymentTestNG.loginBeforePayment()'><b>loginBeforePayment</b><br>Test class: automationFramework.tests.PaymentTestNG</td>
<td><div><pre>java.lang.AssertionError: Login unsuccessful.
	at automationFramework.tests.PaymentTestNG.loginBeforePayment(PaymentTestNG.java:49)
	at java.base/java.util.ArrayList.forEach(ArrayList.java:1511)
	at automationFramework.runner.TestNGRunner.main(TestNGRunner.java:37)
... Removed 25 stack frames</pre></div><a href='#' onClick='toggleBox("stack-trace1188623367", this, "Click to show all stack frames", "Click to hide stack frames")'>Click to show all stack frames</a>
<div class='stack-trace' id='stack-trace1188623367'><pre>java.lang.AssertionError: Login unsuccessful.
	at org.testng.Assert.fail(Assert.java:111)
	at automationFramework.tests.PaymentTestNG.loginBeforePayment(PaymentTestNG.java:49)
	at java.base/jdk.internal.reflect.NativeMethodAccessorImpl.invoke0(Native Method)
	at java.base/jdk.internal.reflect.NativeMethodAccessorImpl.invoke(NativeMethodAccessorImpl.java:77)
	at java.base/jdk.internal.reflect.DelegatingMethodAccessorImpl.invoke(DelegatingMethodAccessorImpl.java:43)
	at java.base/java.lang.reflect.Method.invoke(Method.java:568)
	at org.testng.internal.invokers.MethodInvocationHelper.invokeMethod(MethodInvocationHelper.java:141)
	at org.testng.internal.invokers.TestInvoker.invokeMethod(TestInvoker.java:687)
	at org.testng.internal.invokers.TestInvoker.invokeTestMethod(TestInvoker.java:230)
	at org.testng.internal.invokers.MethodRunner.runInSequence(MethodRunner.java:63)
	at org.testng.internal.invokers.TestInvoker$MethodInvocationAgent.invoke(TestInvoker.java:995)
	at org.testng.internal.invokers.TestInvoker.invokeTestMethods(TestInvoker.java:203)
	at org.testng.internal.invokers.TestMethodWorker.invokeTestMethods(TestMethodWorker.java:154)
	at org.testng.internal.invokers.TestMethodWorker.run(TestMethodWorker.java:134)
	at java.base/java.util.ArrayList.forEach(ArrayList.java:1511)
	at org.testng.TestRunner.privateRun(TestRunner.java:741)
	at org.testng.TestRunner.run(TestRunner.java:616)
	at org.testng.SuiteRunner.runTest(SuiteRunner.java:421)
	at org.testng.SuiteRunner.runSequentially(SuiteRunner.java:413)
	at org.testng.SuiteRunner.privateRun(SuiteRunner.java:373)
	at org.testng.SuiteRunner.run(SuiteRunner.java:312)
	at org.testng.SuiteRunnerWorker.runSuite(SuiteRunnerWorker.java:52)
	at org.testng.SuiteRunnerWorker.run(SuiteRunnerWorker.java:95)
	at org.testng.TestNG.runSuitesSequentially(TestNG.java:1274)
	at org.testng.TestNG.runSuitesLocally(TestNG.java:1208)
	at org.testng.TestNG.runSuites(TestNG.java:1112)
	at org.testng.TestNG.run(TestNG.java:1079)
	at automationFramework.runner.TestNGRunner.main(TestNGRunner.java:37)
</pre></div></td>
<td>28</td>
<td>automationFramework.tests.PaymentTestNG@4da4253</td></tr>
</table><p>
<table width='100%' border='1' class='invocation-skipped'>
<tr><td colspan='4' align='center'><b>SKIPPED TESTS</b></td></tr>
<tr><td><b>Test method</b></td>
<td><b>Attribute(s)</b></td>
<td width="30%"><b>Exception</b></td>
<td width="10%"><b>Time (seconds)</b></td>
<td><b>Instance</b></td>
</tr>
<tr>
<td title='automationFramework.tests.AccountsTestNG.downloadCustom6MonthsPdf()'><b>downloadCustom6MonthsPdf</b><br>Test class: automationFramework.tests.AccountsTestNG</td>
<td><div><pre>java.lang.AssertionError: Login failed. Stopping execution.
	at automationFramework.tests.AccountsTestNG.setUp(AccountsTestNG.java:53)
	at java.base/java.util.ArrayList.forEach(ArrayList.java:1511)
	at automationFramework.runner.TestNGRunner.main(TestNGRunner.java:37)
... Removed 23 stack frames</pre></div><a href='#' onClick='toggleBox("stack-trace995911260", this, "Click to show all stack frames", "Click to hide stack frames")'>Click to show all stack frames</a>
<div class='stack-trace' id='stack-trace995911260'><pre>java.lang.AssertionError: Login failed. Stopping execution.
	at org.testng.Assert.fail(Assert.java:111)
	at automationFramework.tests.AccountsTestNG.setUp(AccountsTestNG.java:53)
	at java.base/jdk.internal.reflect.NativeMethodAccessorImpl.invoke0(Native Method)
	at java.base/jdk.internal.reflect.NativeMethodAccessorImpl.invoke(NativeMethodAccessorImpl.java:77)
	at java.base/jdk.internal.reflect.DelegatingMethodAccessorImpl.invoke(DelegatingMethodAccessorImpl.java:43)
	at java.base/java.lang.reflect.Method.invoke(Method.java:568)
	at org.testng.internal.invokers.MethodInvocationHelper.invokeMethod(MethodInvocationHelper.java:141)
	at org.testng.internal.invokers.MethodInvocationHelper.invokeMethodConsideringTimeout(MethodInvocationHelper.java:71)
	at org.testng.internal.invokers.ConfigInvoker.invokeConfigurationMethod(ConfigInvoker.java:400)
	at org.testng.internal.invokers.ConfigInvoker.invokeConfigurations(ConfigInvoker.java:333)
	at org.testng.internal.invokers.TestMethodWorker.invokeBeforeClassMethods(TestMethodWorker.java:188)
	at org.testng.internal.invokers.TestMethodWorker.run(TestMethodWorker.java:128)
	at java.base/java.util.ArrayList.forEach(ArrayList.java:1511)
	at org.testng.TestRunner.privateRun(TestRunner.java:741)
	at org.testng.TestRunner.run(TestRunner.java:616)
	at org.testng.SuiteRunner.runTest(SuiteRunner.java:421)
	at org.testng.SuiteRunner.runSequentially(SuiteRunner.java:413)
	at org.testng.SuiteRunner.privateRun(SuiteRunner.java:373)
	at org.testng.SuiteRunner.run(SuiteRunner.java:312)
	at org.testng.SuiteRunnerWorker.runSuite(SuiteRunnerWorker.java:52)
	at org.testng.SuiteRunnerWorker.run(SuiteRunnerWorker.java:95)
	at org.testng.TestNG.runSuitesSequentially(TestNG.java:1274)
	at org.testng.TestNG.runSuitesLocally(TestNG.java:1208)
	at org.testng.TestNG.runSuites(TestNG.java:1112)
	at org.testng.TestNG.run(TestNG.java:1079)
	at automationFramework.runner.TestNGRunner.main(TestNGRunner.java:37)
</pre></div></td>
<td>0</td>
<td>automationFramework.tests.AccountsTestNG@4cc8eb05</td></tr>
<tr>
<td title='automationFramework.tests.PaymentTestNG.testPayment()'><b>testPayment</b><br>Test class: automationFramework.tests.PaymentTestNG</td>
<td><div><pre>java.lang.Throwable: Method automationFramework.tests.PaymentTestNG.testPayment() on instance automationFramework.tests.PaymentTestNG@4da4253 depends on not successfully finished methods 
[automationFramework.tests.PaymentTestNG.loginBeforePayment() on instance automationFramework.tests.PaymentTestNG@4da4253]
	at java.base/java.util.ArrayList.forEach(ArrayList.java:1511)
	at automationFramework.runner.TestNGRunner.main(TestNGRunner.java:37)
... Removed 15 stack frames</pre></div><a href='#' onClick='toggleBox("stack-trace1788698111", this, "Click to show all stack frames", "Click to hide stack frames")'>Click to show all stack frames</a>
<div class='stack-trace' id='stack-trace1788698111'><pre>java.lang.Throwable: Method automationFramework.tests.PaymentTestNG.testPayment() on instance automationFramework.tests.PaymentTestNG@4da4253 depends on not successfully finished methods 
[automationFramework.tests.PaymentTestNG.loginBeforePayment() on instance automationFramework.tests.PaymentTestNG@4da4253]
	at org.testng.internal.invokers.TestInvoker.invokeTestMethods(TestInvoker.java:159)
	at org.testng.internal.invokers.TestMethodWorker.invokeTestMethods(TestMethodWorker.java:154)
	at org.testng.internal.invokers.TestMethodWorker.run(TestMethodWorker.java:134)
	at java.base/java.util.ArrayList.forEach(ArrayList.java:1511)
	at org.testng.TestRunner.privateRun(TestRunner.java:741)
	at org.testng.TestRunner.run(TestRunner.java:616)
	at org.testng.SuiteRunner.runTest(SuiteRunner.java:421)
	at org.testng.SuiteRunner.runSequentially(SuiteRunner.java:413)
	at org.testng.SuiteRunner.privateRun(SuiteRunner.java:373)
	at org.testng.SuiteRunner.run(SuiteRunner.java:312)
	at org.testng.SuiteRunnerWorker.runSuite(SuiteRunnerWorker.java:52)
	at org.testng.SuiteRunnerWorker.run(SuiteRunnerWorker.java:95)
	at org.testng.TestNG.runSuitesSequentially(TestNG.java:1274)
	at org.testng.TestNG.runSuitesLocally(TestNG.java:1208)
	at org.testng.TestNG.runSuites(TestNG.java:1112)
	at org.testng.TestNG.run(TestNG.java:1079)
	at automationFramework.runner.TestNGRunner.main(TestNGRunner.java:37)
</pre></div></td>
<td>0</td>
<td>automationFramework.tests.PaymentTestNG@4da4253</td></tr>
<tr>
<td title='automationFramework.tests.AccountsTestNG.downloadThreeMonthStatementPdf()'><b>downloadThreeMonthStatementPdf</b><br>Test class: automationFramework.tests.AccountsTestNG</td>
<td><div><pre>java.lang.AssertionError: Login failed. Stopping execution.
	at automationFramework.tests.AccountsTestNG.setUp(AccountsTestNG.java:53)
	at java.base/java.util.ArrayList.forEach(ArrayList.java:1511)
	at automationFramework.runner.TestNGRunner.main(TestNGRunner.java:37)
... Removed 23 stack frames</pre></div><a href='#' onClick='toggleBox("stack-trace203854885", this, "Click to show all stack frames", "Click to hide stack frames")'>Click to show all stack frames</a>
<div class='stack-trace' id='stack-trace203854885'><pre>java.lang.AssertionError: Login failed. Stopping execution.
	at org.testng.Assert.fail(Assert.java:111)
	at automationFramework.tests.AccountsTestNG.setUp(AccountsTestNG.java:53)
	at java.base/jdk.internal.reflect.NativeMethodAccessorImpl.invoke0(Native Method)
	at java.base/jdk.internal.reflect.NativeMethodAccessorImpl.invoke(NativeMethodAccessorImpl.java:77)
	at java.base/jdk.internal.reflect.DelegatingMethodAccessorImpl.invoke(DelegatingMethodAccessorImpl.java:43)
	at java.base/java.lang.reflect.Method.invoke(Method.java:568)
	at org.testng.internal.invokers.MethodInvocationHelper.invokeMethod(MethodInvocationHelper.java:141)
	at org.testng.internal.invokers.MethodInvocationHelper.invokeMethodConsideringTimeout(MethodInvocationHelper.java:71)
	at org.testng.internal.invokers.ConfigInvoker.invokeConfigurationMethod(ConfigInvoker.java:400)
	at org.testng.internal.invokers.ConfigInvoker.invokeConfigurations(ConfigInvoker.java:333)
	at org.testng.internal.invokers.TestMethodWorker.invokeBeforeClassMethods(TestMethodWorker.java:188)
	at org.testng.internal.invokers.TestMethodWorker.run(TestMethodWorker.java:128)
	at java.base/java.util.ArrayList.forEach(ArrayList.java:1511)
	at org.testng.TestRunner.privateRun(TestRunner.java:741)
	at org.testng.TestRunner.run(TestRunner.java:616)
	at org.testng.SuiteRunner.runTest(SuiteRunner.java:421)
	at org.testng.SuiteRunner.runSequentially(SuiteRunner.java:413)
	at org.testng.SuiteRunner.privateRun(SuiteRunner.java:373)
	at org.testng.SuiteRunner.run(SuiteRunner.java:312)
	at org.testng.SuiteRunnerWorker.runSuite(SuiteRunnerWorker.java:52)
	at org.testng.SuiteRunnerWorker.run(SuiteRunnerWorker.java:95)
	at org.testng.TestNG.runSuitesSequentially(TestNG.java:1274)
	at org.testng.TestNG.runSuitesLocally(TestNG.java:1208)
	at org.testng.TestNG.runSuites(TestNG.java:1112)
	at org.testng.TestNG.run(TestNG.java:1079)
	at automationFramework.runner.TestNGRunner.main(TestNGRunner.java:37)
</pre></div></td>
<td>0</td>
<td>automationFramework.tests.AccountsTestNG@4cc8eb05</td></tr>
<tr>
<td title='automationFramework.tests.AccountsTestNG.downloadThreeMonthStatementXls()'><b>downloadThreeMonthStatementXls</b><br>Test class: automationFramework.tests.AccountsTestNG</td>
<td><div><pre>java.lang.AssertionError: Login failed. Stopping execution.
	at automationFramework.tests.AccountsTestNG.setUp(AccountsTestNG.java:53)
	at java.base/java.util.ArrayList.forEach(ArrayList.java:1511)
	at automationFramework.runner.TestNGRunner.main(TestNGRunner.java:37)
... Removed 23 stack frames</pre></div><a href='#' onClick='toggleBox("stack-trace352830403", this, "Click to show all stack frames", "Click to hide stack frames")'>Click to show all stack frames</a>
<div class='stack-trace' id='stack-trace352830403'><pre>java.lang.AssertionError: Login failed. Stopping execution.
	at org.testng.Assert.fail(Assert.java:111)
	at automationFramework.tests.AccountsTestNG.setUp(AccountsTestNG.java:53)
	at java.base/jdk.internal.reflect.NativeMethodAccessorImpl.invoke0(Native Method)
	at java.base/jdk.internal.reflect.NativeMethodAccessorImpl.invoke(NativeMethodAccessorImpl.java:77)
	at java.base/jdk.internal.reflect.DelegatingMethodAccessorImpl.invoke(DelegatingMethodAccessorImpl.java:43)
	at java.base/java.lang.reflect.Method.invoke(Method.java:568)
	at org.testng.internal.invokers.MethodInvocationHelper.invokeMethod(MethodInvocationHelper.java:141)
	at org.testng.internal.invokers.MethodInvocationHelper.invokeMethodConsideringTimeout(MethodInvocationHelper.java:71)
	at org.testng.internal.invokers.ConfigInvoker.invokeConfigurationMethod(ConfigInvoker.java:400)
	at org.testng.internal.invokers.ConfigInvoker.invokeConfigurations(ConfigInvoker.java:333)
	at org.testng.internal.invokers.TestMethodWorker.invokeBeforeClassMethods(TestMethodWorker.java:188)
	at org.testng.internal.invokers.TestMethodWorker.run(TestMethodWorker.java:128)
	at java.base/java.util.ArrayList.forEach(ArrayList.java:1511)
	at org.testng.TestRunner.privateRun(TestRunner.java:741)
	at org.testng.TestRunner.run(TestRunner.java:616)
	at org.testng.SuiteRunner.runTest(SuiteRunner.java:421)
	at org.testng.SuiteRunner.runSequentially(SuiteRunner.java:413)
	at org.testng.SuiteRunner.privateRun(SuiteRunner.java:373)
	at org.testng.SuiteRunner.run(SuiteRunner.java:312)
	at org.testng.SuiteRunnerWorker.runSuite(SuiteRunnerWorker.java:52)
	at org.testng.SuiteRunnerWorker.run(SuiteRunnerWorker.java:95)
	at org.testng.TestNG.runSuitesSequentially(TestNG.java:1274)
	at org.testng.TestNG.runSuitesLocally(TestNG.java:1208)
	at org.testng.TestNG.runSuites(TestNG.java:1112)
	at org.testng.TestNG.run(TestNG.java:1079)
	at automationFramework.runner.TestNGRunner.main(TestNGRunner.java:37)
</pre></div></td>
<td>0</td>
<td>automationFramework.tests.AccountsTestNG@4cc8eb05</td></tr>
<tr>
<td title='automationFramework.tests.ServicesTestNG.testEmptyThresholds()'><b>testEmptyThresholds</b><br>Test class: automationFramework.tests.ServicesTestNG</td>
<td><div><pre>java.lang.RuntimeException: Login failed. Cannot continue tests.
	at automationFramework.tests.ServicesTestNG.setUp(ServicesTestNG.java:55)
	at java.base/java.util.ArrayList.forEach(ArrayList.java:1511)
	at automationFramework.runner.TestNGRunner.main(TestNGRunner.java:37)
... Removed 22 stack frames</pre></div><a href='#' onClick='toggleBox("stack-trace2063355321", this, "Click to show all stack frames", "Click to hide stack frames")'>Click to show all stack frames</a>
<div class='stack-trace' id='stack-trace2063355321'><pre>java.lang.RuntimeException: Login failed. Cannot continue tests.
	at automationFramework.tests.ServicesTestNG.setUp(ServicesTestNG.java:55)
	at java.base/jdk.internal.reflect.NativeMethodAccessorImpl.invoke0(Native Method)
	at java.base/jdk.internal.reflect.NativeMethodAccessorImpl.invoke(NativeMethodAccessorImpl.java:77)
	at java.base/jdk.internal.reflect.DelegatingMethodAccessorImpl.invoke(DelegatingMethodAccessorImpl.java:43)
	at java.base/java.lang.reflect.Method.invoke(Method.java:568)
	at org.testng.internal.invokers.MethodInvocationHelper.invokeMethod(MethodInvocationHelper.java:141)
	at org.testng.internal.invokers.MethodInvocationHelper.invokeMethodConsideringTimeout(MethodInvocationHelper.java:71)
	at org.testng.internal.invokers.ConfigInvoker.invokeConfigurationMethod(ConfigInvoker.java:400)
	at org.testng.internal.invokers.ConfigInvoker.invokeConfigurations(ConfigInvoker.java:333)
	at org.testng.internal.invokers.TestMethodWorker.invokeBeforeClassMethods(TestMethodWorker.java:188)
	at org.testng.internal.invokers.TestMethodWorker.run(TestMethodWorker.java:128)
	at java.base/java.util.ArrayList.forEach(ArrayList.java:1511)
	at org.testng.TestRunner.privateRun(TestRunner.java:741)
	at org.testng.TestRunner.run(TestRunner.java:616)
	at org.testng.SuiteRunner.runTest(SuiteRunner.java:421)
	at org.testng.SuiteRunner.runSequentially(SuiteRunner.java:413)
	at org.testng.SuiteRunner.privateRun(SuiteRunner.java:373)
	at org.testng.SuiteRunner.run(SuiteRunner.java:312)
	at org.testng.SuiteRunnerWorker.runSuite(SuiteRunnerWorker.java:52)
	at org.testng.SuiteRunnerWorker.run(SuiteRunnerWorker.java:95)
	at org.testng.TestNG.runSuitesSequentially(TestNG.java:1274)
	at org.testng.TestNG.runSuitesLocally(TestNG.java:1208)
	at org.testng.TestNG.runSuites(TestNG.java:1112)
	at org.testng.TestNG.run(TestNG.java:1079)
	at automationFramework.runner.TestNGRunner.main(TestNGRunner.java:37)
</pre></div></td>
<td>0</td>
<td>automationFramework.tests.ServicesTestNG@770d3326</td></tr>
<tr>
<td title='automationFramework.tests.ServicesTestNG.testManageSMSFlow()'><b>testManageSMSFlow</b><br>Test class: automationFramework.tests.ServicesTestNG</td>
<td><div><pre>java.lang.RuntimeException: Login failed. Cannot continue tests.
	at automationFramework.tests.ServicesTestNG.setUp(ServicesTestNG.java:55)
	at java.base/java.util.ArrayList.forEach(ArrayList.java:1511)
	at automationFramework.runner.TestNGRunner.main(TestNGRunner.java:37)
... Removed 22 stack frames</pre></div><a href='#' onClick='toggleBox("stack-trace182639397", this, "Click to show all stack frames", "Click to hide stack frames")'>Click to show all stack frames</a>
<div class='stack-trace' id='stack-trace182639397'><pre>java.lang.RuntimeException: Login failed. Cannot continue tests.
	at automationFramework.tests.ServicesTestNG.setUp(ServicesTestNG.java:55)
	at java.base/jdk.internal.reflect.NativeMethodAccessorImpl.invoke0(Native Method)
	at java.base/jdk.internal.reflect.NativeMethodAccessorImpl.invoke(NativeMethodAccessorImpl.java:77)
	at java.base/jdk.internal.reflect.DelegatingMethodAccessorImpl.invoke(DelegatingMethodAccessorImpl.java:43)
	at java.base/java.lang.reflect.Method.invoke(Method.java:568)
	at org.testng.internal.invokers.MethodInvocationHelper.invokeMethod(MethodInvocationHelper.java:141)
	at org.testng.internal.invokers.MethodInvocationHelper.invokeMethodConsideringTimeout(MethodInvocationHelper.java:71)
	at org.testng.internal.invokers.ConfigInvoker.invokeConfigurationMethod(ConfigInvoker.java:400)
	at org.testng.internal.invokers.ConfigInvoker.invokeConfigurations(ConfigInvoker.java:333)
	at org.testng.internal.invokers.TestMethodWorker.invokeBeforeClassMethods(TestMethodWorker.java:188)
	at org.testng.internal.invokers.TestMethodWorker.run(TestMethodWorker.java:128)
	at java.base/java.util.ArrayList.forEach(ArrayList.java:1511)
	at org.testng.TestRunner.privateRun(TestRunner.java:741)
	at org.testng.TestRunner.run(TestRunner.java:616)
	at org.testng.SuiteRunner.runTest(SuiteRunner.java:421)
	at org.testng.SuiteRunner.runSequentially(SuiteRunner.java:413)
	at org.testng.SuiteRunner.privateRun(SuiteRunner.java:373)
	at org.testng.SuiteRunner.run(SuiteRunner.java:312)
	at org.testng.SuiteRunnerWorker.runSuite(SuiteRunnerWorker.java:52)
	at org.testng.SuiteRunnerWorker.run(SuiteRunnerWorker.java:95)
	at org.testng.TestNG.runSuitesSequentially(TestNG.java:1274)
	at org.testng.TestNG.runSuitesLocally(TestNG.java:1208)
	at org.testng.TestNG.runSuites(TestNG.java:1112)
	at org.testng.TestNG.run(TestNG.java:1079)
	at automationFramework.runner.TestNGRunner.main(TestNGRunner.java:37)
</pre></div></td>
<td>0</td>
<td>automationFramework.tests.ServicesTestNG@770d3326</td></tr>
<tr>
<td title='automationFramework.tests.ServicesTestNG.testInvalidOTP()'><b>testInvalidOTP</b><br>Test class: automationFramework.tests.ServicesTestNG</td>
<td><div><pre>java.lang.RuntimeException: Login failed. Cannot continue tests.
	at automationFramework.tests.ServicesTestNG.setUp(ServicesTestNG.java:55)
	at java.base/java.util.ArrayList.forEach(ArrayList.java:1511)
	at automationFramework.runner.TestNGRunner.main(TestNGRunner.java:37)
... Removed 22 stack frames</pre></div><a href='#' onClick='toggleBox("stack-trace1254850252", this, "Click to show all stack frames", "Click to hide stack frames")'>Click to show all stack frames</a>
<div class='stack-trace' id='stack-trace1254850252'><pre>java.lang.RuntimeException: Login failed. Cannot continue tests.
	at automationFramework.tests.ServicesTestNG.setUp(ServicesTestNG.java:55)
	at java.base/jdk.internal.reflect.NativeMethodAccessorImpl.invoke0(Native Method)
	at java.base/jdk.internal.reflect.NativeMethodAccessorImpl.invoke(NativeMethodAccessorImpl.java:77)
	at java.base/jdk.internal.reflect.DelegatingMethodAccessorImpl.invoke(DelegatingMethodAccessorImpl.java:43)
	at java.base/java.lang.reflect.Method.invoke(Method.java:568)
	at org.testng.internal.invokers.MethodInvocationHelper.invokeMethod(MethodInvocationHelper.java:141)
	at org.testng.internal.invokers.MethodInvocationHelper.invokeMethodConsideringTimeout(MethodInvocationHelper.java:71)
	at org.testng.internal.invokers.ConfigInvoker.invokeConfigurationMethod(ConfigInvoker.java:400)
	at org.testng.internal.invokers.ConfigInvoker.invokeConfigurations(ConfigInvoker.java:333)
	at org.testng.internal.invokers.TestMethodWorker.invokeBeforeClassMethods(TestMethodWorker.java:188)
	at org.testng.internal.invokers.TestMethodWorker.run(TestMethodWorker.java:128)
	at java.base/java.util.ArrayList.forEach(ArrayList.java:1511)
	at org.testng.TestRunner.privateRun(TestRunner.java:741)
	at org.testng.TestRunner.run(TestRunner.java:616)
	at org.testng.SuiteRunner.runTest(SuiteRunner.java:421)
	at org.testng.SuiteRunner.runSequentially(SuiteRunner.java:413)
	at org.testng.SuiteRunner.privateRun(SuiteRunner.java:373)
	at org.testng.SuiteRunner.run(SuiteRunner.java:312)
	at org.testng.SuiteRunnerWorker.runSuite(SuiteRunnerWorker.java:52)
	at org.testng.SuiteRunnerWorker.run(SuiteRunnerWorker.java:95)
	at org.testng.TestNG.runSuitesSequentially(TestNG.java:1274)
	at org.testng.TestNG.runSuitesLocally(TestNG.java:1208)
	at org.testng.TestNG.runSuites(TestNG.java:1112)
	at org.testng.TestNG.run(TestNG.java:1079)
	at automationFramework.runner.TestNGRunner.main(TestNGRunner.java:37)
</pre></div></td>
<td>0</td>
<td>automationFramework.tests.ServicesTestNG@770d3326</td></tr>
<tr>
<td title='automationFramework.tests.AccountsTestNG.testAccountSummary()'><b>testAccountSummary</b><br>Test class: automationFramework.tests.AccountsTestNG</td>
<td><div><pre>java.lang.AssertionError: Login failed. Stopping execution.
	at automationFramework.tests.AccountsTestNG.setUp(AccountsTestNG.java:53)
	at java.base/java.util.ArrayList.forEach(ArrayList.java:1511)
	at automationFramework.runner.TestNGRunner.main(TestNGRunner.java:37)
... Removed 23 stack frames</pre></div><a href='#' onClick='toggleBox("stack-trace580979398", this, "Click to show all stack frames", "Click to hide stack frames")'>Click to show all stack frames</a>
<div class='stack-trace' id='stack-trace580979398'><pre>java.lang.AssertionError: Login failed. Stopping execution.
	at org.testng.Assert.fail(Assert.java:111)
	at automationFramework.tests.AccountsTestNG.setUp(AccountsTestNG.java:53)
	at java.base/jdk.internal.reflect.NativeMethodAccessorImpl.invoke0(Native Method)
	at java.base/jdk.internal.reflect.NativeMethodAccessorImpl.invoke(NativeMethodAccessorImpl.java:77)
	at java.base/jdk.internal.reflect.DelegatingMethodAccessorImpl.invoke(DelegatingMethodAccessorImpl.java:43)
	at java.base/java.lang.reflect.Method.invoke(Method.java:568)
	at org.testng.internal.invokers.MethodInvocationHelper.invokeMethod(MethodInvocationHelper.java:141)
	at org.testng.internal.invokers.MethodInvocationHelper.invokeMethodConsideringTimeout(MethodInvocationHelper.java:71)
	at org.testng.internal.invokers.ConfigInvoker.invokeConfigurationMethod(ConfigInvoker.java:400)
	at org.testng.internal.invokers.ConfigInvoker.invokeConfigurations(ConfigInvoker.java:333)
	at org.testng.internal.invokers.TestMethodWorker.invokeBeforeClassMethods(TestMethodWorker.java:188)
	at org.testng.internal.invokers.TestMethodWorker.run(TestMethodWorker.java:128)
	at java.base/java.util.ArrayList.forEach(ArrayList.java:1511)
	at org.testng.TestRunner.privateRun(TestRunner.java:741)
	at org.testng.TestRunner.run(TestRunner.java:616)
	at org.testng.SuiteRunner.runTest(SuiteRunner.java:421)
	at org.testng.SuiteRunner.runSequentially(SuiteRunner.java:413)
	at org.testng.SuiteRunner.privateRun(SuiteRunner.java:373)
	at org.testng.SuiteRunner.run(SuiteRunner.java:312)
	at org.testng.SuiteRunnerWorker.runSuite(SuiteRunnerWorker.java:52)
	at org.testng.SuiteRunnerWorker.run(SuiteRunnerWorker.java:95)
	at org.testng.TestNG.runSuitesSequentially(TestNG.java:1274)
	at org.testng.TestNG.runSuitesLocally(TestNG.java:1208)
	at org.testng.TestNG.runSuites(TestNG.java:1112)
	at org.testng.TestNG.run(TestNG.java:1079)
	at automationFramework.runner.TestNGRunner.main(TestNGRunner.java:37)
</pre></div></td>
<td>0</td>
<td>automationFramework.tests.AccountsTestNG@4cc8eb05</td></tr>
<tr>
<td title='automationFramework.tests.AccountsTestNG.downloadOneMonthStatementXls()'><b>downloadOneMonthStatementXls</b><br>Test class: automationFramework.tests.AccountsTestNG</td>
<td><div><pre>java.lang.AssertionError: Login failed. Stopping execution.
	at automationFramework.tests.AccountsTestNG.setUp(AccountsTestNG.java:53)
	at java.base/java.util.ArrayList.forEach(ArrayList.java:1511)
	at automationFramework.runner.TestNGRunner.main(TestNGRunner.java:37)
... Removed 23 stack frames</pre></div><a href='#' onClick='toggleBox("stack-trace1373051324", this, "Click to show all stack frames", "Click to hide stack frames")'>Click to show all stack frames</a>
<div class='stack-trace' id='stack-trace1373051324'><pre>java.lang.AssertionError: Login failed. Stopping execution.
	at org.testng.Assert.fail(Assert.java:111)
	at automationFramework.tests.AccountsTestNG.setUp(AccountsTestNG.java:53)
	at java.base/jdk.internal.reflect.NativeMethodAccessorImpl.invoke0(Native Method)
	at java.base/jdk.internal.reflect.NativeMethodAccessorImpl.invoke(NativeMethodAccessorImpl.java:77)
	at java.base/jdk.internal.reflect.DelegatingMethodAccessorImpl.invoke(DelegatingMethodAccessorImpl.java:43)
	at java.base/java.lang.reflect.Method.invoke(Method.java:568)
	at org.testng.internal.invokers.MethodInvocationHelper.invokeMethod(MethodInvocationHelper.java:141)
	at org.testng.internal.invokers.MethodInvocationHelper.invokeMethodConsideringTimeout(MethodInvocationHelper.java:71)
	at org.testng.internal.invokers.ConfigInvoker.invokeConfigurationMethod(ConfigInvoker.java:400)
	at org.testng.internal.invokers.ConfigInvoker.invokeConfigurations(ConfigInvoker.java:333)
	at org.testng.internal.invokers.TestMethodWorker.invokeBeforeClassMethods(TestMethodWorker.java:188)
	at org.testng.internal.invokers.TestMethodWorker.run(TestMethodWorker.java:128)
	at java.base/java.util.ArrayList.forEach(ArrayList.java:1511)
	at org.testng.TestRunner.privateRun(TestRunner.java:741)
	at org.testng.TestRunner.run(TestRunner.java:616)
	at org.testng.SuiteRunner.runTest(SuiteRunner.java:421)
	at org.testng.SuiteRunner.runSequentially(SuiteRunner.java:413)
	at org.testng.SuiteRunner.privateRun(SuiteRunner.java:373)
	at org.testng.SuiteRunner.run(SuiteRunner.java:312)
	at org.testng.SuiteRunnerWorker.runSuite(SuiteRunnerWorker.java:52)
	at org.testng.SuiteRunnerWorker.run(SuiteRunnerWorker.java:95)
	at org.testng.TestNG.runSuitesSequentially(TestNG.java:1274)
	at org.testng.TestNG.runSuitesLocally(TestNG.java:1208)
	at org.testng.TestNG.runSuites(TestNG.java:1112)
	at org.testng.TestNG.run(TestNG.java:1079)
	at automationFramework.runner.TestNGRunner.main(TestNGRunner.java:37)
</pre></div></td>
<td>0</td>
<td>automationFramework.tests.AccountsTestNG@4cc8eb05</td></tr>
<tr>
<td title='automationFramework.tests.AccountsTestNG.downloadOneMonthStatementPdf()'><b>downloadOneMonthStatementPdf</b><br>Test class: automationFramework.tests.AccountsTestNG</td>
<td><div><pre>java.lang.AssertionError: Login failed. Stopping execution.
	at automationFramework.tests.AccountsTestNG.setUp(AccountsTestNG.java:53)
	at java.base/java.util.ArrayList.forEach(ArrayList.java:1511)
	at automationFramework.runner.TestNGRunner.main(TestNGRunner.java:37)
... Removed 23 stack frames</pre></div><a href='#' onClick='toggleBox("stack-trace1346237136", this, "Click to show all stack frames", "Click to hide stack frames")'>Click to show all stack frames</a>
<div class='stack-trace' id='stack-trace1346237136'><pre>java.lang.AssertionError: Login failed. Stopping execution.
	at org.testng.Assert.fail(Assert.java:111)
	at automationFramework.tests.AccountsTestNG.setUp(AccountsTestNG.java:53)
	at java.base/jdk.internal.reflect.NativeMethodAccessorImpl.invoke0(Native Method)
	at java.base/jdk.internal.reflect.NativeMethodAccessorImpl.invoke(NativeMethodAccessorImpl.java:77)
	at java.base/jdk.internal.reflect.DelegatingMethodAccessorImpl.invoke(DelegatingMethodAccessorImpl.java:43)
	at java.base/java.lang.reflect.Method.invoke(Method.java:568)
	at org.testng.internal.invokers.MethodInvocationHelper.invokeMethod(MethodInvocationHelper.java:141)
	at org.testng.internal.invokers.MethodInvocationHelper.invokeMethodConsideringTimeout(MethodInvocationHelper.java:71)
	at org.testng.internal.invokers.ConfigInvoker.invokeConfigurationMethod(ConfigInvoker.java:400)
	at org.testng.internal.invokers.ConfigInvoker.invokeConfigurations(ConfigInvoker.java:333)
	at org.testng.internal.invokers.TestMethodWorker.invokeBeforeClassMethods(TestMethodWorker.java:188)
	at org.testng.internal.invokers.TestMethodWorker.run(TestMethodWorker.java:128)
	at java.base/java.util.ArrayList.forEach(ArrayList.java:1511)
	at org.testng.TestRunner.privateRun(TestRunner.java:741)
	at org.testng.TestRunner.run(TestRunner.java:616)
	at org.testng.SuiteRunner.runTest(SuiteRunner.java:421)
	at org.testng.SuiteRunner.runSequentially(SuiteRunner.java:413)
	at org.testng.SuiteRunner.privateRun(SuiteRunner.java:373)
	at org.testng.SuiteRunner.run(SuiteRunner.java:312)
	at org.testng.SuiteRunnerWorker.runSuite(SuiteRunnerWorker.java:52)
	at org.testng.SuiteRunnerWorker.run(SuiteRunnerWorker.java:95)
	at org.testng.TestNG.runSuitesSequentially(TestNG.java:1274)
	at org.testng.TestNG.runSuitesLocally(TestNG.java:1208)
	at org.testng.TestNG.runSuites(TestNG.java:1112)
	at org.testng.TestNG.run(TestNG.java:1079)
	at automationFramework.runner.TestNGRunner.main(TestNGRunner.java:37)
</pre></div></td>
<td>0</td>
<td>automationFramework.tests.AccountsTestNG@4cc8eb05</td></tr>
<tr>
<td title='automationFramework.tests.PaymentTestNG.testInvalidAmountScenarios()'><b>testInvalidAmountScenarios</b><br>Test class: automationFramework.tests.PaymentTestNG</td>
<td><div><pre>java.lang.Throwable: Method automationFramework.tests.PaymentTestNG.testInvalidAmountScenarios() on instance automationFramework.tests.PaymentTestNG@4da4253 depends on not successfully finished methods 
[automationFramework.tests.PaymentTestNG.loginBeforePayment() on instance automationFramework.tests.PaymentTestNG@4da4253]
	at java.base/java.util.ArrayList.forEach(ArrayList.java:1511)
	at automationFramework.runner.TestNGRunner.main(TestNGRunner.java:37)
... Removed 15 stack frames</pre></div><a href='#' onClick='toggleBox("stack-trace990442552", this, "Click to show all stack frames", "Click to hide stack frames")'>Click to show all stack frames</a>
<div class='stack-trace' id='stack-trace990442552'><pre>java.lang.Throwable: Method automationFramework.tests.PaymentTestNG.testInvalidAmountScenarios() on instance automationFramework.tests.PaymentTestNG@4da4253 depends on not successfully finished methods 
[automationFramework.tests.PaymentTestNG.loginBeforePayment() on instance automationFramework.tests.PaymentTestNG@4da4253]
	at org.testng.internal.invokers.TestInvoker.invokeTestMethods(TestInvoker.java:159)
	at org.testng.internal.invokers.TestMethodWorker.invokeTestMethods(TestMethodWorker.java:154)
	at org.testng.internal.invokers.TestMethodWorker.run(TestMethodWorker.java:134)
	at java.base/java.util.ArrayList.forEach(ArrayList.java:1511)
	at org.testng.TestRunner.privateRun(TestRunner.java:741)
	at org.testng.TestRunner.run(TestRunner.java:616)
	at org.testng.SuiteRunner.runTest(SuiteRunner.java:421)
	at org.testng.SuiteRunner.runSequentially(SuiteRunner.java:413)
	at org.testng.SuiteRunner.privateRun(SuiteRunner.java:373)
	at org.testng.SuiteRunner.run(SuiteRunner.java:312)
	at org.testng.SuiteRunnerWorker.runSuite(SuiteRunnerWorker.java:52)
	at org.testng.SuiteRunnerWorker.run(SuiteRunnerWorker.java:95)
	at org.testng.TestNG.runSuitesSequentially(TestNG.java:1274)
	at org.testng.TestNG.runSuitesLocally(TestNG.java:1208)
	at org.testng.TestNG.runSuites(TestNG.java:1112)
	at org.testng.TestNG.run(TestNG.java:1079)
	at automationFramework.runner.TestNGRunner.main(TestNGRunner.java:37)
</pre></div></td>
<td>0</td>
<td>automationFramework.tests.PaymentTestNG@4da4253</td></tr>
<tr>
<td title='automationFramework.tests.AccountsTestNG.downloadCustom12MonthsPdf()'><b>downloadCustom12MonthsPdf</b><br>Test class: automationFramework.tests.AccountsTestNG</td>
<td><div><pre>java.lang.AssertionError: Login failed. Stopping execution.
	at automationFramework.tests.AccountsTestNG.setUp(AccountsTestNG.java:53)
	at java.base/java.util.ArrayList.forEach(ArrayList.java:1511)
	at automationFramework.runner.TestNGRunner.main(TestNGRunner.java:37)
... Removed 23 stack frames</pre></div><a href='#' onClick='toggleBox("stack-trace1294361489", this, "Click to show all stack frames", "Click to hide stack frames")'>Click to show all stack frames</a>
<div class='stack-trace' id='stack-trace1294361489'><pre>java.lang.AssertionError: Login failed. Stopping execution.
	at org.testng.Assert.fail(Assert.java:111)
	at automationFramework.tests.AccountsTestNG.setUp(AccountsTestNG.java:53)
	at java.base/jdk.internal.reflect.NativeMethodAccessorImpl.invoke0(Native Method)
	at java.base/jdk.internal.reflect.NativeMethodAccessorImpl.invoke(NativeMethodAccessorImpl.java:77)
	at java.base/jdk.internal.reflect.DelegatingMethodAccessorImpl.invoke(DelegatingMethodAccessorImpl.java:43)
	at java.base/java.lang.reflect.Method.invoke(Method.java:568)
	at org.testng.internal.invokers.MethodInvocationHelper.invokeMethod(MethodInvocationHelper.java:141)
	at org.testng.internal.invokers.MethodInvocationHelper.invokeMethodConsideringTimeout(MethodInvocationHelper.java:71)
	at org.testng.internal.invokers.ConfigInvoker.invokeConfigurationMethod(ConfigInvoker.java:400)
	at org.testng.internal.invokers.ConfigInvoker.invokeConfigurations(ConfigInvoker.java:333)
	at org.testng.internal.invokers.TestMethodWorker.invokeBeforeClassMethods(TestMethodWorker.java:188)
	at org.testng.internal.invokers.TestMethodWorker.run(TestMethodWorker.java:128)
	at java.base/java.util.ArrayList.forEach(ArrayList.java:1511)
	at org.testng.TestRunner.privateRun(TestRunner.java:741)
	at org.testng.TestRunner.run(TestRunner.java:616)
	at org.testng.SuiteRunner.runTest(SuiteRunner.java:421)
	at org.testng.SuiteRunner.runSequentially(SuiteRunner.java:413)
	at org.testng.SuiteRunner.privateRun(SuiteRunner.java:373)
	at org.testng.SuiteRunner.run(SuiteRunner.java:312)
	at org.testng.SuiteRunnerWorker.runSuite(SuiteRunnerWorker.java:52)
	at org.testng.SuiteRunnerWorker.run(SuiteRunnerWorker.java:95)
	at org.testng.TestNG.runSuitesSequentially(TestNG.java:1274)
	at org.testng.TestNG.runSuitesLocally(TestNG.java:1208)
	at org.testng.TestNG.runSuites(TestNG.java:1112)
	at org.testng.TestNG.run(TestNG.java:1079)
	at automationFramework.runner.TestNGRunner.main(TestNGRunner.java:37)
</pre></div></td>
<td>0</td>
<td>automationFramework.tests.AccountsTestNG@4cc8eb05</td></tr>
<tr>
<td title='automationFramework.tests.AccountsTestNG.downloadCustom12MonthsXsl()'><b>downloadCustom12MonthsXsl</b><br>Test class: automationFramework.tests.AccountsTestNG</td>
<td><div><pre>java.lang.AssertionError: Login failed. Stopping execution.
	at automationFramework.tests.AccountsTestNG.setUp(AccountsTestNG.java:53)
	at java.base/java.util.ArrayList.forEach(ArrayList.java:1511)
	at automationFramework.runner.TestNGRunner.main(TestNGRunner.java:37)
... Removed 23 stack frames</pre></div><a href='#' onClick='toggleBox("stack-trace103130367", this, "Click to show all stack frames", "Click to hide stack frames")'>Click to show all stack frames</a>
<div class='stack-trace' id='stack-trace103130367'><pre>java.lang.AssertionError: Login failed. Stopping execution.
	at org.testng.Assert.fail(Assert.java:111)
	at automationFramework.tests.AccountsTestNG.setUp(AccountsTestNG.java:53)
	at java.base/jdk.internal.reflect.NativeMethodAccessorImpl.invoke0(Native Method)
	at java.base/jdk.internal.reflect.NativeMethodAccessorImpl.invoke(NativeMethodAccessorImpl.java:77)
	at java.base/jdk.internal.reflect.DelegatingMethodAccessorImpl.invoke(DelegatingMethodAccessorImpl.java:43)
	at java.base/java.lang.reflect.Method.invoke(Method.java:568)
	at org.testng.internal.invokers.MethodInvocationHelper.invokeMethod(MethodInvocationHelper.java:141)
	at org.testng.internal.invokers.MethodInvocationHelper.invokeMethodConsideringTimeout(MethodInvocationHelper.java:71)
	at org.testng.internal.invokers.ConfigInvoker.invokeConfigurationMethod(ConfigInvoker.java:400)
	at org.testng.internal.invokers.ConfigInvoker.invokeConfigurations(ConfigInvoker.java:333)
	at org.testng.internal.invokers.TestMethodWorker.invokeBeforeClassMethods(TestMethodWorker.java:188)
	at org.testng.internal.invokers.TestMethodWorker.run(TestMethodWorker.java:128)
	at java.base/java.util.ArrayList.forEach(ArrayList.java:1511)
	at org.testng.TestRunner.privateRun(TestRunner.java:741)
	at org.testng.TestRunner.run(TestRunner.java:616)
	at org.testng.SuiteRunner.runTest(SuiteRunner.java:421)
	at org.testng.SuiteRunner.runSequentially(SuiteRunner.java:413)
	at org.testng.SuiteRunner.privateRun(SuiteRunner.java:373)
	at org.testng.SuiteRunner.run(SuiteRunner.java:312)
	at org.testng.SuiteRunnerWorker.runSuite(SuiteRunnerWorker.java:52)
	at org.testng.SuiteRunnerWorker.run(SuiteRunnerWorker.java:95)
	at org.testng.TestNG.runSuitesSequentially(TestNG.java:1274)
	at org.testng.TestNG.runSuitesLocally(TestNG.java:1208)
	at org.testng.TestNG.runSuites(TestNG.java:1112)
	at org.testng.TestNG.run(TestNG.java:1079)
	at automationFramework.runner.TestNGRunner.main(TestNGRunner.java:37)
</pre></div></td>
<td>0</td>
<td>automationFramework.tests.AccountsTestNG@4cc8eb05</td></tr>
<tr>
<td title='automationFramework.tests.ServicesTestNG.testNegativeThresholds()'><b>testNegativeThresholds</b><br>Test class: automationFramework.tests.ServicesTestNG</td>
<td><div><pre>java.lang.RuntimeException: Login failed. Cannot continue tests.
	at automationFramework.tests.ServicesTestNG.setUp(ServicesTestNG.java:55)
	at java.base/java.util.ArrayList.forEach(ArrayList.java:1511)
	at automationFramework.runner.TestNGRunner.main(TestNGRunner.java:37)
... Removed 22 stack frames</pre></div><a href='#' onClick='toggleBox("stack-trace104367332", this, "Click to show all stack frames", "Click to hide stack frames")'>Click to show all stack frames</a>
<div class='stack-trace' id='stack-trace104367332'><pre>java.lang.RuntimeException: Login failed. Cannot continue tests.
	at automationFramework.tests.ServicesTestNG.setUp(ServicesTestNG.java:55)
	at java.base/jdk.internal.reflect.NativeMethodAccessorImpl.invoke0(Native Method)
	at java.base/jdk.internal.reflect.NativeMethodAccessorImpl.invoke(NativeMethodAccessorImpl.java:77)
	at java.base/jdk.internal.reflect.DelegatingMethodAccessorImpl.invoke(DelegatingMethodAccessorImpl.java:43)
	at java.base/java.lang.reflect.Method.invoke(Method.java:568)
	at org.testng.internal.invokers.MethodInvocationHelper.invokeMethod(MethodInvocationHelper.java:141)
	at org.testng.internal.invokers.MethodInvocationHelper.invokeMethodConsideringTimeout(MethodInvocationHelper.java:71)
	at org.testng.internal.invokers.ConfigInvoker.invokeConfigurationMethod(ConfigInvoker.java:400)
	at org.testng.internal.invokers.ConfigInvoker.invokeConfigurations(ConfigInvoker.java:333)
	at org.testng.internal.invokers.TestMethodWorker.invokeBeforeClassMethods(TestMethodWorker.java:188)
	at org.testng.internal.invokers.TestMethodWorker.run(TestMethodWorker.java:128)
	at java.base/java.util.ArrayList.forEach(ArrayList.java:1511)
	at org.testng.TestRunner.privateRun(TestRunner.java:741)
	at org.testng.TestRunner.run(TestRunner.java:616)
	at org.testng.SuiteRunner.runTest(SuiteRunner.java:421)
	at org.testng.SuiteRunner.runSequentially(SuiteRunner.java:413)
	at org.testng.SuiteRunner.privateRun(SuiteRunner.java:373)
	at org.testng.SuiteRunner.run(SuiteRunner.java:312)
	at org.testng.SuiteRunnerWorker.runSuite(SuiteRunnerWorker.java:52)
	at org.testng.SuiteRunnerWorker.run(SuiteRunnerWorker.java:95)
	at org.testng.TestNG.runSuitesSequentially(TestNG.java:1274)
	at org.testng.TestNG.runSuitesLocally(TestNG.java:1208)
	at org.testng.TestNG.runSuites(TestNG.java:1112)
	at org.testng.TestNG.run(TestNG.java:1079)
	at automationFramework.runner.TestNGRunner.main(TestNGRunner.java:37)
</pre></div></td>
<td>0</td>
<td>automationFramework.tests.ServicesTestNG@770d3326</td></tr>
<tr>
<td title='automationFramework.tests.AccountsTestNG.downloadCustom6MonthsXsl()'><b>downloadCustom6MonthsXsl</b><br>Test class: automationFramework.tests.AccountsTestNG</td>
<td><div><pre>java.lang.AssertionError: Login failed. Stopping execution.
	at automationFramework.tests.AccountsTestNG.setUp(AccountsTestNG.java:53)
	at java.base/java.util.ArrayList.forEach(ArrayList.java:1511)
	at automationFramework.runner.TestNGRunner.main(TestNGRunner.java:37)
... Removed 23 stack frames</pre></div><a href='#' onClick='toggleBox("stack-trace204078646", this, "Click to show all stack frames", "Click to hide stack frames")'>Click to show all stack frames</a>
<div class='stack-trace' id='stack-trace204078646'><pre>java.lang.AssertionError: Login failed. Stopping execution.
	at org.testng.Assert.fail(Assert.java:111)
	at automationFramework.tests.AccountsTestNG.setUp(AccountsTestNG.java:53)
	at java.base/jdk.internal.reflect.NativeMethodAccessorImpl.invoke0(Native Method)
	at java.base/jdk.internal.reflect.NativeMethodAccessorImpl.invoke(NativeMethodAccessorImpl.java:77)
	at java.base/jdk.internal.reflect.DelegatingMethodAccessorImpl.invoke(DelegatingMethodAccessorImpl.java:43)
	at java.base/java.lang.reflect.Method.invoke(Method.java:568)
	at org.testng.internal.invokers.MethodInvocationHelper.invokeMethod(MethodInvocationHelper.java:141)
	at org.testng.internal.invokers.MethodInvocationHelper.invokeMethodConsideringTimeout(MethodInvocationHelper.java:71)
	at org.testng.internal.invokers.ConfigInvoker.invokeConfigurationMethod(ConfigInvoker.java:400)
	at org.testng.internal.invokers.ConfigInvoker.invokeConfigurations(ConfigInvoker.java:333)
	at org.testng.internal.invokers.TestMethodWorker.invokeBeforeClassMethods(TestMethodWorker.java:188)
	at org.testng.internal.invokers.TestMethodWorker.run(TestMethodWorker.java:128)
	at java.base/java.util.ArrayList.forEach(ArrayList.java:1511)
	at org.testng.TestRunner.privateRun(TestRunner.java:741)
	at org.testng.TestRunner.run(TestRunner.java:616)
	at org.testng.SuiteRunner.runTest(SuiteRunner.java:421)
	at org.testng.SuiteRunner.runSequentially(SuiteRunner.java:413)
	at org.testng.SuiteRunner.privateRun(SuiteRunner.java:373)
	at org.testng.SuiteRunner.run(SuiteRunner.java:312)
	at org.testng.SuiteRunnerWorker.runSuite(SuiteRunnerWorker.java:52)
	at org.testng.SuiteRunnerWorker.run(SuiteRunnerWorker.java:95)
	at org.testng.TestNG.runSuitesSequentially(TestNG.java:1274)
	at org.testng.TestNG.runSuitesLocally(TestNG.java:1208)
	at org.testng.TestNG.runSuites(TestNG.java:1112)
	at org.testng.TestNG.run(TestNG.java:1079)
	at automationFramework.runner.TestNGRunner.main(TestNGRunner.java:37)
</pre></div></td>
<td>0</td>
<td>automationFramework.tests.AccountsTestNG@4cc8eb05</td></tr>
</table><p>
</body>
</html>