<?xml version="1.0" encoding="UTF-8"?>
<!-- Generated by org.testng.reporters.JUnitXMLReporter -->
<testsuite ignored="0" hostname="Supriya" failures="0" tests="9" name="MultipleTest" time="14.697" errors="0" timestamp="2025-06-16T10:40:26 IST">
  <testcase classname="automationFramework.tests.AccountsTestNG" name="@BeforeClass setUp" time="14.518">
    <failure type="org.openqa.selenium.TimeoutException" message="Expected condition failed: waiting for element to be clickable: By.id: userid (tried for 10 second(s) with 500 milliseconds interval)
Build info: version: &amp;apos;4.20.0&amp;apos;, revision: &amp;apos;866c76ca80&amp;apos;
System info: os.name: &amp;apos;Windows 11&amp;apos;, os.arch: &amp;apos;amd64&amp;apos;, os.version: &amp;apos;10.0&amp;apos;, java.version: &amp;apos;17.0.12&amp;apos;
Driver info: org.openqa.selenium.chrome.ChromeDriver
Capabilities {acceptInsecureCerts: false, browserName: chrome, browserVersion: 137.0.7151.104, chrome: {chromedriverVersion: 137.0.7151.70 (dfa4dc56b2ab..., userDataDir: C:\Users\rajum\AppData\Loca...}, fedcm:accounts: true, goog:chromeOptions: {debuggerAddress: localhost:57279}, networkConnectionEnabled: false, pageLoadStrategy: normal, platformName: windows, proxy: Proxy(), se:cdp: ws://localhost:57279/devtoo..., se:cdpVersion: 137.0.7151.104, setWindowRect: true, strictFileInteractability: false, timeouts: {implicit: 0, pageLoad: 300000, script: 30000}, unhandledPromptBehavior: dismiss and notify, webauthn:extension:credBlob: true, webauthn:extension:largeBlob: true, webauthn:extension:minPinLength: true, webauthn:extension:prf: true, webauthn:virtualAuthenticators: true}
Session ID: 969b9db7d1b97fc609be73cf4ff7a0a0">
      <![CDATA[org.openqa.selenium.TimeoutException: Expected condition failed: waiting for element to be clickable: By.id: userid (tried for 10 second(s) with 500 milliseconds interval)
Build info: version: '4.20.0', revision: '866c76ca80'
System info: os.name: 'Windows 11', os.arch: 'amd64', os.version: '10.0', java.version: '17.0.12'
Driver info: org.openqa.selenium.chrome.ChromeDriver
Capabilities {acceptInsecureCerts: false, browserName: chrome, browserVersion: 137.0.7151.104, chrome: {chromedriverVersion: 137.0.7151.70 (dfa4dc56b2ab..., userDataDir: C:\Users\rajum\AppData\Loca...}, fedcm:accounts: true, goog:chromeOptions: {debuggerAddress: localhost:57279}, networkConnectionEnabled: false, pageLoadStrategy: normal, platformName: windows, proxy: Proxy(), se:cdp: ws://localhost:57279/devtoo..., se:cdpVersion: 137.0.7151.104, setWindowRect: true, strictFileInteractability: false, timeouts: {implicit: 0, pageLoad: 300000, script: 30000}, unhandledPromptBehavior: dismiss and notify, webauthn:extension:credBlob: true, webauthn:extension:largeBlob: true, webauthn:extension:minPinLength: true, webauthn:extension:prf: true, webauthn:virtualAuthenticators: true}
Session ID: 969b9db7d1b97fc609be73cf4ff7a0a0
at org.openqa.selenium.support.ui.WebDriverWait.timeoutException(WebDriverWait.java:84)
at org.openqa.selenium.support.ui.FluentWait.until(FluentWait.java:228)
at automationFramework.pages.LoginPage.performLogin(LoginPage.java:68)
at automationFramework.tests.AccountsTestNG.setUp(AccountsTestNG.java:40)
at java.base/java.util.ArrayList.forEach(ArrayList.java:1511)
... Removed 25 stack frames]]>
    </failure>
  </testcase> <!-- @BeforeClass setUp -->
  <testcase classname="automationFramework.tests.AccountsTestNG" name="testAccountSummary" time="0.0">
    <skipped/>
  </testcase> <!-- testAccountSummary -->
  <testcase classname="automationFramework.tests.AccountsTestNG" name="downloadOneMonthStatementPdf" time="0.0">
    <skipped/>
  </testcase> <!-- downloadOneMonthStatementPdf -->
  <testcase classname="automationFramework.tests.AccountsTestNG" name="downloadThreeMonthStatementPdf" time="0.0">
    <skipped/>
  </testcase> <!-- downloadThreeMonthStatementPdf -->
  <testcase classname="automationFramework.tests.AccountsTestNG" name="downloadOneMonthStatementXls" time="0.0">
    <skipped/>
  </testcase> <!-- downloadOneMonthStatementXls -->
  <testcase classname="automationFramework.tests.AccountsTestNG" name="downloadThreeMonthStatementXls" time="0.0">
    <skipped/>
  </testcase> <!-- downloadThreeMonthStatementXls -->
  <testcase classname="automationFramework.tests.AccountsTestNG" name="downloaddownloadCustomStatement6MonthsXsl" time="0.0">
    <skipped/>
  </testcase> <!-- downloaddownloadCustomStatement6MonthsXsl -->
  <testcase classname="automationFramework.tests.AccountsTestNG" name="downloaddownloadCustomStatement12MonthsPdf" time="0.001">
    <skipped/>
  </testcase> <!-- downloaddownloadCustomStatement12MonthsPdf -->
  <testcase classname="automationFramework.tests.AccountsTestNG" name="downloaddownloadCustomStatement6MonthsPdf" time="0.0">
    <skipped/>
  </testcase> <!-- downloaddownloadCustomStatement6MonthsPdf -->
  <testcase classname="automationFramework.tests.AccountsTestNG" name="downloaddownloadCustomStatement12MonthsXsl" time="0.001">
    <skipped/>
  </testcase> <!-- downloaddownloadCustomStatement12MonthsXsl -->
</testsuite> <!-- MultipleTest -->
