<!DOCTYPE html PUBLIC "-//W3C//DTD XHTML 1.1//EN" "https://www.w3.org/TR/xhtml11/DTD/xhtml11.dtd">
<html xmlns="https://www.w3.org/1999/xhtml">
<head>
<meta http-equiv="content-type" content="text/html; charset=UTF-8"/>
<title>TestNG Report</title>
<style type="text/css">table {margin-bottom:10px;border-collapse:collapse;empty-cells:show}th,td {border:1px solid #009;padding:.25em .5em}th {vertical-align:bottom}td {vertical-align:top}table a {font-weight:bold}.stripe td {background-color: #E6EBF9}.num {text-align:right}.passedodd td {background-color: #3F3}.passedeven td {background-color: #0A0}.skippedodd td {background-color: #DDD}.skippedeven td {background-color: #CCC}.failedodd td,.attn {background-color: #F33}.failedeven td,.stripe .attn {background-color: #D00}.stacktrace {white-space:pre;font-family:monospace}.totop {font-size:85%;text-align:center;border-bottom:2px solid #000}.invisible {display:none}</style>
</head>
<body>
<table>
<tr><th>Test</th><th># Passed</th><th># Skipped</th><th># Retried</th><th># Failed</th><th>Time (ms)</th><th>Included Groups</th><th>Excluded Groups</th></tr>
<tr><th colspan="8">MySuite</th></tr>
<tr><td><a href="#t0">MultipleTest</a></td><td class="num">0</td><td class="num attn">15</td><td class="num">0</td><td class="num attn">1</td><td class="num">114,791</td><td></td><td></td></tr>
</table>
<table id='summary'><thead><tr><th>Class</th><th>Method</th><th>Start</th><th>Time (ms)</th></tr></thead><tbody><tr><th colspan="4">MySuite</th></tr></tbody><tbody id="t0"><tr><th colspan="4">MultipleTest &#8212; failed (configuration methods)</th></tr><tr class="failedeven"><td rowspan="1">automationFramework.tests.AccountsTestNG</td><td><a href="#m0">setUp</a></td><td rowspan="1">1750857189650</td><td rowspan="1">36065</td></tr><tr class="failedodd"><td rowspan="1">automationFramework.tests.ServicesTestNG</td><td><a href="#m1">setUp</a></td><td rowspan="1">1750857157831</td><td rowspan="1">31806</td></tr><tr><th colspan="4">MultipleTest &#8212; failed</th></tr><tr class="failedeven"><td rowspan="1">automationFramework.tests.PaymentTestNG</td><td><a href="#m2">loginBeforePayment</a></td><td rowspan="1">1750857125537</td><td rowspan="1">28166</td></tr><tr><th colspan="4">MultipleTest &#8212; skipped (configuration methods)</th></tr><tr class="skippedeven"><td rowspan="10">automationFramework.tests.AccountsTestNG</td><td><a href="#m3">logResult</a></td><td rowspan="9">1750857225728</td><td rowspan="9">0</td></tr><tr class="skippedeven"><td><a href="#m4">logResult</a></td></tr><tr class="skippedeven"><td><a href="#m5">logResult</a></td></tr><tr class="skippedeven"><td><a href="#m6">logResult</a></td></tr><tr class="skippedeven"><td><a href="#m7">logResult</a></td></tr><tr class="skippedeven"><td><a href="#m8">logResult</a></td></tr><tr class="skippedeven"><td><a href="#m9">logResult</a></td></tr><tr class="skippedeven"><td><a href="#m10">logResult</a></td></tr><tr class="skippedeven"><td><a href="#m11">logResult</a></td></tr><tr class="skippedeven"><td><a href="#m12">tearDown</a></td><td rowspan="1">1750857225739</td><td rowspan="1">0</td></tr><tr class="skippedodd"><td rowspan="5">automationFramework.tests.ServicesTestNG</td><td><a href="#m13">handleTestResult</a></td><td rowspan="4">1750857189644</td><td rowspan="4">0</td></tr><tr class="skippedodd"><td><a href="#m14">handleTestResult</a></td></tr><tr class="skippedodd"><td><a href="#m15">handleTestResult</a></td></tr><tr class="skippedodd"><td><a href="#m16">handleTestResult</a></td></tr><tr class="skippedodd"><td><a href="#m17">tearDown</a></td><td rowspan="1">1750857189649</td><td rowspan="1">0</td></tr><tr><th colspan="4">MultipleTest &#8212; skipped</th></tr><tr class="skippedeven"><td rowspan="9">automationFramework.tests.AccountsTestNG</td><td><a href="#m18">downloadCustom12MonthsPdf</a></td><td rowspan="1">1750857225732</td><td rowspan="1">0</td></tr><tr class="skippedeven"><td><a href="#m19">downloadCustom12MonthsXsl</a></td><td rowspan="1">1750857225738</td><td rowspan="1">0</td></tr><tr class="skippedeven"><td><a href="#m20">downloadCustom6MonthsPdf</a></td><td rowspan="1">1750857225735</td><td rowspan="1">0</td></tr><tr class="skippedeven"><td><a href="#m21">downloadCustom6MonthsXsl</a></td><td rowspan="1">1750857225730</td><td rowspan="1">0</td></tr><tr class="skippedeven"><td><a href="#m22">downloadOneMonthStatementPdf</a></td><td rowspan="1">1750857225719</td><td rowspan="1">0</td></tr><tr class="skippedeven"><td><a href="#m23">downloadOneMonthStatementXls</a></td><td rowspan="1">1750857225725</td><td rowspan="1">0</td></tr><tr class="skippedeven"><td><a href="#m24">downloadThreeMonthStatementPdf</a></td><td rowspan="1">1750857225722</td><td rowspan="1">0</td></tr><tr class="skippedeven"><td><a href="#m25">downloadThreeMonthStatementXls</a></td><td rowspan="1">1750857225727</td><td rowspan="1">0</td></tr><tr class="skippedeven"><td><a href="#m26">testAccountSummary</a></td><td rowspan="1">1750857225716</td><td rowspan="1">1</td></tr><tr class="skippedodd"><td rowspan="2">automationFramework.tests.PaymentTestNG</td><td><a href="#m27">testInvalidAmountScenarios</a></td><td rowspan="1">1750857153919</td><td rowspan="1">0</td></tr><tr class="skippedodd"><td><a href="#m28">testPayment</a></td><td rowspan="1">1750857153918</td><td rowspan="1">0</td></tr><tr class="skippedeven"><td rowspan="4">automationFramework.tests.ServicesTestNG</td><td><a href="#m29">testEmptyThresholds</a></td><td rowspan="1">1750857189645</td><td rowspan="1">0</td></tr><tr class="skippedeven"><td><a href="#m30">testInvalidOTP</a></td><td rowspan="1">1750857189648</td><td rowspan="1">0</td></tr><tr class="skippedeven"><td><a href="#m31">testManageSMSFlow</a></td><td rowspan="1">1750857189643</td><td rowspan="1">0</td></tr><tr class="skippedeven"><td><a href="#m32">testNegativeThresholds</a></td><td rowspan="1">1750857189647</td><td rowspan="1">0</td></tr></tbody>
</table>
<h2>MultipleTest</h2><h3 id="m0">automationFramework.tests.AccountsTestNG#setUp</h3><table class="result"><tr><th>Exception</th></tr><tr><td><div class="stacktrace">java.lang.AssertionError: Login failed. Stopping execution.
	at automationFramework.tests.AccountsTestNG.setUp(AccountsTestNG.java:53)
	at java.base/java.util.ArrayList.forEach(ArrayList.java:1511)
	at automationFramework.runner.TestNGRunner.main(TestNGRunner.java:37)
... Removed 23 stack frames</div></td></tr></table><p class="totop"><a href="#summary">back to summary</a></p>
<h3 id="m1">automationFramework.tests.ServicesTestNG#setUp</h3><table class="result"><tr><th>Exception</th></tr><tr><td><div class="stacktrace">java.lang.RuntimeException: Login failed. Cannot continue tests.
	at automationFramework.tests.ServicesTestNG.setUp(ServicesTestNG.java:55)
	at java.base/java.util.ArrayList.forEach(ArrayList.java:1511)
	at automationFramework.runner.TestNGRunner.main(TestNGRunner.java:37)
... Removed 22 stack frames</div></td></tr></table><p class="totop"><a href="#summary">back to summary</a></p>
<h3 id="m2">automationFramework.tests.PaymentTestNG#loginBeforePayment</h3><table class="result"><tr><th>Exception</th></tr><tr><td><div class="stacktrace">java.lang.AssertionError: Login unsuccessful.
	at automationFramework.tests.PaymentTestNG.loginBeforePayment(PaymentTestNG.java:49)
	at java.base/java.util.ArrayList.forEach(ArrayList.java:1511)
	at automationFramework.runner.TestNGRunner.main(TestNGRunner.java:37)
... Removed 25 stack frames</div></td></tr></table><p class="totop"><a href="#summary">back to summary</a></p>
<h3 id="m3">automationFramework.tests.AccountsTestNG#logResult</h3><table class="result"><tr><th class="invisible"/></tr></table><p class="totop"><a href="#summary">back to summary</a></p>
<h3 id="m4">automationFramework.tests.AccountsTestNG#logResult</h3><table class="result"><tr><th class="invisible"/></tr></table><p class="totop"><a href="#summary">back to summary</a></p>
<h3 id="m5">automationFramework.tests.AccountsTestNG#logResult</h3><table class="result"><tr><th class="invisible"/></tr></table><p class="totop"><a href="#summary">back to summary</a></p>
<h3 id="m6">automationFramework.tests.AccountsTestNG#logResult</h3><table class="result"><tr><th class="invisible"/></tr></table><p class="totop"><a href="#summary">back to summary</a></p>
<h3 id="m7">automationFramework.tests.AccountsTestNG#logResult</h3><table class="result"><tr><th class="invisible"/></tr></table><p class="totop"><a href="#summary">back to summary</a></p>
<h3 id="m8">automationFramework.tests.AccountsTestNG#logResult</h3><table class="result"><tr><th class="invisible"/></tr></table><p class="totop"><a href="#summary">back to summary</a></p>
<h3 id="m9">automationFramework.tests.AccountsTestNG#logResult</h3><table class="result"><tr><th class="invisible"/></tr></table><p class="totop"><a href="#summary">back to summary</a></p>
<h3 id="m10">automationFramework.tests.AccountsTestNG#logResult</h3><table class="result"><tr><th class="invisible"/></tr></table><p class="totop"><a href="#summary">back to summary</a></p>
<h3 id="m11">automationFramework.tests.AccountsTestNG#logResult</h3><table class="result"><tr><th class="invisible"/></tr></table><p class="totop"><a href="#summary">back to summary</a></p>
<h3 id="m12">automationFramework.tests.AccountsTestNG#tearDown</h3><table class="result"><tr><th class="invisible"/></tr></table><p class="totop"><a href="#summary">back to summary</a></p>
<h3 id="m13">automationFramework.tests.ServicesTestNG#handleTestResult</h3><table class="result"><tr><th class="invisible"/></tr></table><p class="totop"><a href="#summary">back to summary</a></p>
<h3 id="m14">automationFramework.tests.ServicesTestNG#handleTestResult</h3><table class="result"><tr><th class="invisible"/></tr></table><p class="totop"><a href="#summary">back to summary</a></p>
<h3 id="m15">automationFramework.tests.ServicesTestNG#handleTestResult</h3><table class="result"><tr><th class="invisible"/></tr></table><p class="totop"><a href="#summary">back to summary</a></p>
<h3 id="m16">automationFramework.tests.ServicesTestNG#handleTestResult</h3><table class="result"><tr><th class="invisible"/></tr></table><p class="totop"><a href="#summary">back to summary</a></p>
<h3 id="m17">automationFramework.tests.ServicesTestNG#tearDown</h3><table class="result"><tr><th class="invisible"/></tr></table><p class="totop"><a href="#summary">back to summary</a></p>
<h3 id="m18">automationFramework.tests.AccountsTestNG#downloadCustom12MonthsPdf</h3><table class="result"><tr><th>Exception</th></tr><tr><td><div class="stacktrace">java.lang.AssertionError: Login failed. Stopping execution.
	at automationFramework.tests.AccountsTestNG.setUp(AccountsTestNG.java:53)
	at java.base/java.util.ArrayList.forEach(ArrayList.java:1511)
	at automationFramework.runner.TestNGRunner.main(TestNGRunner.java:37)
... Removed 23 stack frames</div></td></tr></table><p class="totop"><a href="#summary">back to summary</a></p>
<h3 id="m19">automationFramework.tests.AccountsTestNG#downloadCustom12MonthsXsl</h3><table class="result"><tr><th>Exception</th></tr><tr><td><div class="stacktrace">java.lang.AssertionError: Login failed. Stopping execution.
	at automationFramework.tests.AccountsTestNG.setUp(AccountsTestNG.java:53)
	at java.base/java.util.ArrayList.forEach(ArrayList.java:1511)
	at automationFramework.runner.TestNGRunner.main(TestNGRunner.java:37)
... Removed 23 stack frames</div></td></tr></table><p class="totop"><a href="#summary">back to summary</a></p>
<h3 id="m20">automationFramework.tests.AccountsTestNG#downloadCustom6MonthsPdf</h3><table class="result"><tr><th>Exception</th></tr><tr><td><div class="stacktrace">java.lang.AssertionError: Login failed. Stopping execution.
	at automationFramework.tests.AccountsTestNG.setUp(AccountsTestNG.java:53)
	at java.base/java.util.ArrayList.forEach(ArrayList.java:1511)
	at automationFramework.runner.TestNGRunner.main(TestNGRunner.java:37)
... Removed 23 stack frames</div></td></tr></table><p class="totop"><a href="#summary">back to summary</a></p>
<h3 id="m21">automationFramework.tests.AccountsTestNG#downloadCustom6MonthsXsl</h3><table class="result"><tr><th>Exception</th></tr><tr><td><div class="stacktrace">java.lang.AssertionError: Login failed. Stopping execution.
	at automationFramework.tests.AccountsTestNG.setUp(AccountsTestNG.java:53)
	at java.base/java.util.ArrayList.forEach(ArrayList.java:1511)
	at automationFramework.runner.TestNGRunner.main(TestNGRunner.java:37)
... Removed 23 stack frames</div></td></tr></table><p class="totop"><a href="#summary">back to summary</a></p>
<h3 id="m22">automationFramework.tests.AccountsTestNG#downloadOneMonthStatementPdf</h3><table class="result"><tr><th>Exception</th></tr><tr><td><div class="stacktrace">java.lang.AssertionError: Login failed. Stopping execution.
	at automationFramework.tests.AccountsTestNG.setUp(AccountsTestNG.java:53)
	at java.base/java.util.ArrayList.forEach(ArrayList.java:1511)
	at automationFramework.runner.TestNGRunner.main(TestNGRunner.java:37)
... Removed 23 stack frames</div></td></tr></table><p class="totop"><a href="#summary">back to summary</a></p>
<h3 id="m23">automationFramework.tests.AccountsTestNG#downloadOneMonthStatementXls</h3><table class="result"><tr><th>Exception</th></tr><tr><td><div class="stacktrace">java.lang.AssertionError: Login failed. Stopping execution.
	at automationFramework.tests.AccountsTestNG.setUp(AccountsTestNG.java:53)
	at java.base/java.util.ArrayList.forEach(ArrayList.java:1511)
	at automationFramework.runner.TestNGRunner.main(TestNGRunner.java:37)
... Removed 23 stack frames</div></td></tr></table><p class="totop"><a href="#summary">back to summary</a></p>
<h3 id="m24">automationFramework.tests.AccountsTestNG#downloadThreeMonthStatementPdf</h3><table class="result"><tr><th>Exception</th></tr><tr><td><div class="stacktrace">java.lang.AssertionError: Login failed. Stopping execution.
	at automationFramework.tests.AccountsTestNG.setUp(AccountsTestNG.java:53)
	at java.base/java.util.ArrayList.forEach(ArrayList.java:1511)
	at automationFramework.runner.TestNGRunner.main(TestNGRunner.java:37)
... Removed 23 stack frames</div></td></tr></table><p class="totop"><a href="#summary">back to summary</a></p>
<h3 id="m25">automationFramework.tests.AccountsTestNG#downloadThreeMonthStatementXls</h3><table class="result"><tr><th>Exception</th></tr><tr><td><div class="stacktrace">java.lang.AssertionError: Login failed. Stopping execution.
	at automationFramework.tests.AccountsTestNG.setUp(AccountsTestNG.java:53)
	at java.base/java.util.ArrayList.forEach(ArrayList.java:1511)
	at automationFramework.runner.TestNGRunner.main(TestNGRunner.java:37)
... Removed 23 stack frames</div></td></tr></table><p class="totop"><a href="#summary">back to summary</a></p>
<h3 id="m26">automationFramework.tests.AccountsTestNG#testAccountSummary</h3><table class="result"><tr><th>Exception</th></tr><tr><td><div class="stacktrace">java.lang.AssertionError: Login failed. Stopping execution.
	at automationFramework.tests.AccountsTestNG.setUp(AccountsTestNG.java:53)
	at java.base/java.util.ArrayList.forEach(ArrayList.java:1511)
	at automationFramework.runner.TestNGRunner.main(TestNGRunner.java:37)
... Removed 23 stack frames</div></td></tr></table><p class="totop"><a href="#summary">back to summary</a></p>
<h3 id="m27">automationFramework.tests.PaymentTestNG#testInvalidAmountScenarios</h3><table class="result"><tr><th>Exception</th></tr><tr><td><div class="stacktrace">java.lang.Throwable: Method automationFramework.tests.PaymentTestNG.testInvalidAmountScenarios() on instance automationFramework.tests.PaymentTestNG@4da4253 depends on not successfully finished methods 
[automationFramework.tests.PaymentTestNG.loginBeforePayment() on instance automationFramework.tests.PaymentTestNG@4da4253]
	at java.base/java.util.ArrayList.forEach(ArrayList.java:1511)
	at automationFramework.runner.TestNGRunner.main(TestNGRunner.java:37)
... Removed 15 stack frames</div></td></tr></table><p class="totop"><a href="#summary">back to summary</a></p>
<h3 id="m28">automationFramework.tests.PaymentTestNG#testPayment</h3><table class="result"><tr><th>Exception</th></tr><tr><td><div class="stacktrace">java.lang.Throwable: Method automationFramework.tests.PaymentTestNG.testPayment() on instance automationFramework.tests.PaymentTestNG@4da4253 depends on not successfully finished methods 
[automationFramework.tests.PaymentTestNG.loginBeforePayment() on instance automationFramework.tests.PaymentTestNG@4da4253]
	at java.base/java.util.ArrayList.forEach(ArrayList.java:1511)
	at automationFramework.runner.TestNGRunner.main(TestNGRunner.java:37)
... Removed 15 stack frames</div></td></tr></table><p class="totop"><a href="#summary">back to summary</a></p>
<h3 id="m29">automationFramework.tests.ServicesTestNG#testEmptyThresholds</h3><table class="result"><tr><th>Exception</th></tr><tr><td><div class="stacktrace">java.lang.RuntimeException: Login failed. Cannot continue tests.
	at automationFramework.tests.ServicesTestNG.setUp(ServicesTestNG.java:55)
	at java.base/java.util.ArrayList.forEach(ArrayList.java:1511)
	at automationFramework.runner.TestNGRunner.main(TestNGRunner.java:37)
... Removed 22 stack frames</div></td></tr></table><p class="totop"><a href="#summary">back to summary</a></p>
<h3 id="m30">automationFramework.tests.ServicesTestNG#testInvalidOTP</h3><table class="result"><tr><th>Exception</th></tr><tr><td><div class="stacktrace">java.lang.RuntimeException: Login failed. Cannot continue tests.
	at automationFramework.tests.ServicesTestNG.setUp(ServicesTestNG.java:55)
	at java.base/java.util.ArrayList.forEach(ArrayList.java:1511)
	at automationFramework.runner.TestNGRunner.main(TestNGRunner.java:37)
... Removed 22 stack frames</div></td></tr></table><p class="totop"><a href="#summary">back to summary</a></p>
<h3 id="m31">automationFramework.tests.ServicesTestNG#testManageSMSFlow</h3><table class="result"><tr><th>Exception</th></tr><tr><td><div class="stacktrace">java.lang.RuntimeException: Login failed. Cannot continue tests.
	at automationFramework.tests.ServicesTestNG.setUp(ServicesTestNG.java:55)
	at java.base/java.util.ArrayList.forEach(ArrayList.java:1511)
	at automationFramework.runner.TestNGRunner.main(TestNGRunner.java:37)
... Removed 22 stack frames</div></td></tr></table><p class="totop"><a href="#summary">back to summary</a></p>
<h3 id="m32">automationFramework.tests.ServicesTestNG#testNegativeThresholds</h3><table class="result"><tr><th>Exception</th></tr><tr><td><div class="stacktrace">java.lang.RuntimeException: Login failed. Cannot continue tests.
	at automationFramework.tests.ServicesTestNG.setUp(ServicesTestNG.java:55)
	at java.base/java.util.ArrayList.forEach(ArrayList.java:1511)
	at automationFramework.runner.TestNGRunner.main(TestNGRunner.java:37)
... Removed 22 stack frames</div></td></tr></table><p class="totop"><a href="#summary">back to summary</a></p>
</body>
</html>
