2025-06-12 14:40:28 [main] WARN  org.testng.xml.TestNGContentHandler - Failed to read [/C:/Users/rajum/eclipse-workspace/ToolsQA/SeleniumAutomotionSVCUATIB/testng-1.1.dtd] from CLASSPATH. Attempting to read from [file:///C:/Users/rajum/eclipse-workspace/ToolsQA/SeleniumAutomotionSVCUATIB/testng-1.1.dtd].
2025-06-12 14:40:28 [main] WARN  org.testng.xml.TestNGContentHandler - It is strongly recommended to add "<!DOCTYPE suite SYSTEM "https://testng.org/testng-1.1.dtd" >" at the top of the suite file [C:\Users\rajum\eclipse-workspace\ToolsQA\SeleniumAutomotionSVCUATIB\src\main\resources\testng.xml] otherwise TestNG may fail or not work as expected.
2025-06-12 14:40:29 [main] INFO  org.testng.internal.Utils - [TestNG] Running:
  C:\Users\rajum\eclipse-workspace\ToolsQA\SeleniumAutomotionSVCUATIB\src\main\resources\testng.xml

2025-06-12 14:40:29 [main] INFO  i.g.bonigarcia.wdm.WebDriverManager - Using chromedriver 137.0.7151.70 (resolved driver for Chrome 137)
2025-06-12 14:40:29 [main] INFO  i.g.bonigarcia.wdm.WebDriverManager - Exporting webdriver.chrome.driver as C:\Users\rajum\.cache\selenium\chromedriver\win64\137.0.7151.70\chromedriver.exe
2025-06-12 14:40:31 [main] INFO  automationFramework.pages.LoginPage - ‚úÖ [SUCCESS] Config loaded from 'config.properties': captcha.wait.seconds = 10 seconds.
2025-06-12 14:40:36 [main] INFO  automationFramework.pages.LoginPage - üü¶ [STEP] Navigated to URL: https://uatnet.svcbank.com/ReachSVCInet/SVC-web/inet/netbanking
2025-06-12 14:40:36 [main] INFO  automationFramework.pages.LoginPage - ‚úÖ [SUCCESS] Entered username: TEST001
2025-06-12 14:40:36 [main] INFO  automationFramework.pages.LoginPage - ‚è≥ [WAIT] Waiting for manual captcha input. You have 10 seconds.
2025-06-12 14:40:46 [main] INFO  automationFramework.pages.LoginPage - ‚úÖ [SUCCESS] Clicked first Login button (after captcha).
2025-06-12 14:40:46 [main] INFO  automationFramework.pages.LoginPage - ‚úÖ [SUCCESS] Entered password.
2025-06-12 14:40:47 [main] INFO  automationFramework.pages.LoginPage - ‚úÖ [SUCCESS] Clicked final Login button.
2025-06-12 14:40:47 [main] INFO  automationFramework.pages.LoginPage - üéâ [DONE] Login Test Completed successfully for user: TEST001.
2025-06-12 14:40:47 [main] INFO  a.AccountsPageTestCase - ========== Starting Account Summary Test ==========
2025-06-12 14:40:47 [main] INFO  a.pages.AccountsPage - Navigating to Accounts Tab...
2025-06-12 14:41:25 [main] INFO  a.pages.AccountsPage - 'View Balance Components' button in view.
2025-06-12 14:41:25 [main] INFO  a.pages.AccountsPage - Clicking 'View Balance Components'...
2025-06-12 14:42:06 [main] INFO  a.pages.AccountsPage - Closing balance modal...
2025-06-12 14:42:47 [main] INFO  a.AccountsPageTestCase - ‚úÖ Account Summary Test completed successfully.
2025-06-12 14:42:47 [main] INFO  a.AccountsPageTestCase - ========== Account Summary Test Finished ==========
2025-06-12 14:42:47 [main] INFO  a.AccountsPageTestCase - ========== Starting Statement Download Test ==========
2025-06-12 14:42:47 [main] INFO  a.pages.AccountsPage - Navigating to Accounts Tab...
2025-06-12 14:43:09 [main] INFO  a.pages.AccountsPage - Opening Detailed Statement section...
2025-06-12 14:43:19 [main] INFO  a.pages.AccountsPage - Selecting statement range: 1 Month
2025-06-12 14:43:42 [main] INFO  a.pages.AccountsPage - Downloading statement in format: xls
2025-06-12 14:44:33 [main] WARN  a.pages.AccountsPage - Click failed attempt 1/3: Expected condition failed: waiting for element to be clickable: By.xpath: (//img[contains(@src,'tick')])[2] (tried for 15 second(s) with 500 milliseconds interval)
Build info: version: '4.20.0', revision: '866c76ca80'
System info: os.name: 'Windows 11', os.arch: 'amd64', os.version: '10.0', java.version: '17.0.12'
Driver info: org.openqa.selenium.chrome.ChromeDriver
Capabilities {acceptInsecureCerts: false, browserName: chrome, browserVersion: 137.0.7151.103, chrome: {chromedriverVersion: 137.0.7151.70 (dfa4dc56b2ab..., userDataDir: C:\Users\rajum\AppData\Loca...}, fedcm:accounts: true, goog:chromeOptions: {debuggerAddress: localhost:52490}, networkConnectionEnabled: false, pageLoadStrategy: normal, platformName: windows, proxy: Proxy(), se:cdp: ws://localhost:52490/devtoo..., se:cdpVersion: 137.0.7151.103, setWindowRect: true, strictFileInteractability: false, timeouts: {implicit: 0, pageLoad: 300000, script: 30000}, unhandledPromptBehavior: dismiss and notify, webauthn:extension:credBlob: true, webauthn:extension:largeBlob: true, webauthn:extension:minPinLength: true, webauthn:extension:prf: true, webauthn:virtualAuthenticators: true}
Session ID: a72a29d8d204c6484d68433649ba0d4a
2025-06-12 14:45:04 [main] WARN  a.pages.AccountsPage - Click failed attempt 2/3: Expected condition failed: waiting for element to be clickable: By.xpath: (//img[contains(@src,'tick')])[2] (tried for 15 second(s) with 500 milliseconds interval)
Build info: version: '4.20.0', revision: '866c76ca80'
System info: os.name: 'Windows 11', os.arch: 'amd64', os.version: '10.0', java.version: '17.0.12'
Driver info: org.openqa.selenium.chrome.ChromeDriver
Capabilities {acceptInsecureCerts: false, browserName: chrome, browserVersion: 137.0.7151.103, chrome: {chromedriverVersion: 137.0.7151.70 (dfa4dc56b2ab..., userDataDir: C:\Users\rajum\AppData\Loca...}, fedcm:accounts: true, goog:chromeOptions: {debuggerAddress: localhost:52490}, networkConnectionEnabled: false, pageLoadStrategy: normal, platformName: windows, proxy: Proxy(), se:cdp: ws://localhost:52490/devtoo..., se:cdpVersion: 137.0.7151.103, setWindowRect: true, strictFileInteractability: false, timeouts: {implicit: 0, pageLoad: 300000, script: 30000}, unhandledPromptBehavior: dismiss and notify, webauthn:extension:credBlob: true, webauthn:extension:largeBlob: true, webauthn:extension:minPinLength: true, webauthn:extension:prf: true, webauthn:virtualAuthenticators: true}
Session ID: a72a29d8d204c6484d68433649ba0d4a
2025-06-12 14:45:35 [main] WARN  a.pages.AccountsPage - Click failed attempt 3/3: Expected condition failed: waiting for element to be clickable: By.xpath: (//img[contains(@src,'tick')])[2] (tried for 15 second(s) with 500 milliseconds interval)
Build info: version: '4.20.0', revision: '866c76ca80'
System info: os.name: 'Windows 11', os.arch: 'amd64', os.version: '10.0', java.version: '17.0.12'
Driver info: org.openqa.selenium.chrome.ChromeDriver
Capabilities {acceptInsecureCerts: false, browserName: chrome, browserVersion: 137.0.7151.103, chrome: {chromedriverVersion: 137.0.7151.70 (dfa4dc56b2ab..., userDataDir: C:\Users\rajum\AppData\Loca...}, fedcm:accounts: true, goog:chromeOptions: {debuggerAddress: localhost:52490}, networkConnectionEnabled: false, pageLoadStrategy: normal, platformName: windows, proxy: Proxy(), se:cdp: ws://localhost:52490/devtoo..., se:cdpVersion: 137.0.7151.103, setWindowRect: true, strictFileInteractability: false, timeouts: {implicit: 0, pageLoad: 300000, script: 30000}, unhandledPromptBehavior: dismiss and notify, webauthn:extension:credBlob: true, webauthn:extension:largeBlob: true, webauthn:extension:minPinLength: true, webauthn:extension:prf: true, webauthn:virtualAuthenticators: true}
Session ID: a72a29d8d204c6484d68433649ba0d4a
2025-06-12 14:45:35 [main] ERROR a.AccountsPageTestCase - ‚ùå Error during Statement Download Test: Click failed after 3 attempts
java.lang.RuntimeException: Click failed after 3 attempts
	at automationFramework.pages.BasePage.clickWithRetry(BasePage.java:57)
	at automationFramework.pages.AccountsPage.downloadStatement(AccountsPage.java:89)
	at automationFramework.AccountsPageTestCase.downloadStatement(AccountsPageTestCase.java:45)
	at automationFramework.tests.AccountsTestNG.testStatementDownloadAndShare(AccountsTestNG.java:58)
	at java.base/jdk.internal.reflect.NativeMethodAccessorImpl.invoke0(Native Method)
	at java.base/jdk.internal.reflect.NativeMethodAccessorImpl.invoke(NativeMethodAccessorImpl.java:77)
	at java.base/jdk.internal.reflect.DelegatingMethodAccessorImpl.invoke(DelegatingMethodAccessorImpl.java:43)
	at java.base/java.lang.reflect.Method.invoke(Method.java:568)
	at org.testng.internal.invokers.MethodInvocationHelper.invokeMethod(MethodInvocationHelper.java:141)
	at org.testng.internal.invokers.TestInvoker.invokeMethod(TestInvoker.java:687)
	at org.testng.internal.invokers.TestInvoker.invokeTestMethod(TestInvoker.java:230)
	at org.testng.internal.invokers.MethodRunner.runInSequence(MethodRunner.java:63)
	at org.testng.internal.invokers.TestInvoker$MethodInvocationAgent.invoke(TestInvoker.java:995)
	at org.testng.internal.invokers.TestInvoker.invokeTestMethods(TestInvoker.java:203)
	at org.testng.internal.invokers.TestMethodWorker.invokeTestMethods(TestMethodWorker.java:154)
	at org.testng.internal.invokers.TestMethodWorker.run(TestMethodWorker.java:134)
	at java.base/java.util.ArrayList.forEach(ArrayList.java:1511)
	at org.testng.TestRunner.privateRun(TestRunner.java:741)
	at org.testng.TestRunner.run(TestRunner.java:616)
	at org.testng.SuiteRunner.runTest(SuiteRunner.java:421)
	at org.testng.SuiteRunner.runSequentially(SuiteRunner.java:413)
	at org.testng.SuiteRunner.privateRun(SuiteRunner.java:373)
	at org.testng.SuiteRunner.run(SuiteRunner.java:312)
	at org.testng.SuiteRunnerWorker.runSuite(SuiteRunnerWorker.java:52)
	at org.testng.SuiteRunnerWorker.run(SuiteRunnerWorker.java:95)
	at org.testng.TestNG.runSuitesSequentially(TestNG.java:1274)
	at org.testng.TestNG.runSuitesLocally(TestNG.java:1208)
	at org.testng.TestNG.runSuites(TestNG.java:1112)
	at org.testng.TestNG.run(TestNG.java:1079)
	at org.testng.remote.AbstractRemoteTestNG.run(AbstractRemoteTestNG.java:115)
	at org.testng.remote.RemoteTestNG.initAndRun(RemoteTestNG.java:293)
	at org.testng.remote.RemoteTestNG.main(RemoteTestNG.java:91)
Caused by: org.openqa.selenium.TimeoutException: Expected condition failed: waiting for element to be clickable: By.xpath: (//img[contains(@src,'tick')])[2] (tried for 15 second(s) with 500 milliseconds interval)
Build info: version: '4.20.0', revision: '866c76ca80'
System info: os.name: 'Windows 11', os.arch: 'amd64', os.version: '10.0', java.version: '17.0.12'
Driver info: org.openqa.selenium.chrome.ChromeDriver
Capabilities {acceptInsecureCerts: false, browserName: chrome, browserVersion: 137.0.7151.103, chrome: {chromedriverVersion: 137.0.7151.70 (dfa4dc56b2ab..., userDataDir: C:\Users\rajum\AppData\Loca...}, fedcm:accounts: true, goog:chromeOptions: {debuggerAddress: localhost:52490}, networkConnectionEnabled: false, pageLoadStrategy: normal, platformName: windows, proxy: Proxy(), se:cdp: ws://localhost:52490/devtoo..., se:cdpVersion: 137.0.7151.103, setWindowRect: true, strictFileInteractability: false, timeouts: {implicit: 0, pageLoad: 300000, script: 30000}, unhandledPromptBehavior: dismiss and notify, webauthn:extension:credBlob: true, webauthn:extension:largeBlob: true, webauthn:extension:minPinLength: true, webauthn:extension:prf: true, webauthn:virtualAuthenticators: true}
Session ID: a72a29d8d204c6484d68433649ba0d4a
	at org.openqa.selenium.support.ui.WebDriverWait.timeoutException(WebDriverWait.java:84)
	at org.openqa.selenium.support.ui.FluentWait.until(FluentWait.java:228)
	at automationFramework.pages.BasePage.clickWithRetry(BasePage.java:39)
	... 31 common frames omitted
2025-06-12 14:45:35 [main] INFO  a.AccountsPageTestCase - ========== Statement Download Test Finished ==========
