<?xml version="1.0" encoding="UTF-8"?>
<!-- Generated by org.testng.reporters.JUnitReportReporter -->
<testsuite hostname="Supriya" failures="0" tests="5" name="automationFramework.tests.ServicesTestNG" time="0.025" errors="1" timestamp="2025-06-26T12:32:29 IST" skipped="4">
  <testcase classname="automationFramework.tests.ServicesTestNG" name="setUp" time="0.025">
    <error message="Cannot invoke &quot;String.toLowerCase()&quot; because &quot;browserName&quot; is null" type="java.lang.NullPointerException">
      <![CDATA[java.lang.NullPointerException: Cannot invoke "String.toLowerCase()" because "browserName" is null
at automationFramework.BrowserFactory.startBrowser(BrowserFactory.java:16)
at automationFramework.tests.ServicesTestNG.setUp(ServicesTestNG.java:38)
at java.base/jdk.internal.reflect.NativeMethodAccessorImpl.invoke0(Native Method)
at java.base/jdk.internal.reflect.NativeMethodAccessorImpl.invoke(NativeMethodAccessorImpl.java:77)
at java.base/jdk.internal.reflect.DelegatingMethodAccessorImpl.invoke(DelegatingMethodAccessorImpl.java:43)
at java.base/java.lang.reflect.Method.invoke(Method.java:568)
at org.testng.internal.invokers.MethodInvocationHelper.invokeMethod(MethodInvocationHelper.java:141)
at org.testng.internal.invokers.MethodInvocationHelper.invokeMethodConsideringTimeout(MethodInvocationHelper.java:71)
at org.testng.internal.invokers.ConfigInvoker.invokeConfigurationMethod(ConfigInvoker.java:400)
at org.testng.internal.invokers.ConfigInvoker.invokeConfigurations(ConfigInvoker.java:333)
at org.testng.internal.invokers.TestMethodWorker.invokeBeforeClassMethods(TestMethodWorker.java:188)
at org.testng.internal.invokers.TestMethodWorker.run(TestMethodWorker.java:128)
at java.base/java.util.ArrayList.forEach(ArrayList.java:1511)
at org.testng.TestRunner.privateRun(TestRunner.java:741)
at org.testng.TestRunner.run(TestRunner.java:616)
at org.testng.SuiteRunner.runTest(SuiteRunner.java:421)
at org.testng.SuiteRunner.runSequentially(SuiteRunner.java:413)
at org.testng.SuiteRunner.privateRun(SuiteRunner.java:373)
at org.testng.SuiteRunner.run(SuiteRunner.java:312)
at org.testng.SuiteRunnerWorker.runSuite(SuiteRunnerWorker.java:52)
at org.testng.SuiteRunnerWorker.run(SuiteRunnerWorker.java:95)
at org.testng.TestNG.runSuitesSequentially(TestNG.java:1274)
at org.testng.TestNG.runSuitesLocally(TestNG.java:1208)
at org.testng.TestNG.runSuites(TestNG.java:1112)
at org.testng.TestNG.run(TestNG.java:1079)
at automationFramework.runner.TestNGRunner.main(TestNGRunner.java:37)
]]>
    </error>
  </testcase> <!-- setUp -->
  <testcase classname="automationFramework.tests.ServicesTestNG" name="testManageSMSFlow" time="0.000">
    <skipped/>
  </testcase> <!-- testManageSMSFlow -->
  <testcase classname="automationFramework.tests.ServicesTestNG" name="testEmptyThresholds" time="0.000">
    <skipped/>
  </testcase> <!-- testEmptyThresholds -->
  <testcase classname="automationFramework.tests.ServicesTestNG" name="testNegativeThresholds" time="0.000">
    <skipped/>
  </testcase> <!-- testNegativeThresholds -->
  <testcase classname="automationFramework.tests.ServicesTestNG" name="testInvalidOTP" time="0.000">
    <skipped/>
  </testcase> <!-- testInvalidOTP -->
</testsuite> <!-- automationFramework.tests.ServicesTestNG -->
